Using pre-set license
Built from '2020.3/staging' branch; Version is '2020.3.4f1 (0abb6314276a) revision 703331'; Using compiler version '192528614'; Build Type 'Release'
OS: 'Windows 10 Home Single Language; OS build 22000.194; Version 2009; 64bit' Language: 'en' Physical Memory: 7599 MB
BatchMode: 1, IsHumanControllingUs: 0, StartBugReporterOnCrash: 0, Is64bit: 1, IsPro: 0

 COMMAND LINE ARGUMENTS:
D:\Software\Unity\Unity\2020.3.4f1\Editor\Unity.exe
-adb2
-batchMode
-noUpm
-name
AssetImportWorker0
-projectPath
D:/Doc/Unity Project/2DShooter
-logFile
Logs/AssetImportWorker0.log
-srvPort
64368
Successfully changed project path to: D:/Doc/Unity Project/2DShooter
D:/Doc/Unity Project/2DShooter
Using Asset Import Pipeline V2.
Refreshing native plugins compatible for Editor in 46.65 ms, found 1 plugins.
Preloading 0 native plugins for Editor in 0.00 ms.
Initialize engine version: 2020.3.4f1 (0abb6314276a)
[Subsystems] Discovering subsystems at path D:/Software/Unity/Unity/2020.3.4f1/Editor/Data/Resources/UnitySubsystems
[Subsystems] Discovering subsystems at path D:/Doc/Unity Project/2DShooter/Assets
GfxDevice: creating device client; threaded=0
Direct3D:
    Version:  Direct3D 11.0 [level 11.1]
    Renderer: NVIDIA GeForce GTX 1650 (ID=0x1f99)
    Vendor:   
    VRAM:     3962 MB
    Driver:   30.0.14.7212
Initialize mono
Mono path[0] = 'D:/Software/Unity/Unity/2020.3.4f1/Editor/Data/Managed'
Mono path[1] = 'D:/Software/Unity/Unity/2020.3.4f1/Editor/Data/MonoBleedingEdge/lib/mono/unityjit'
Mono config path = 'D:/Software/Unity/Unity/2020.3.4f1/Editor/Data/MonoBleedingEdge/etc'
Using monoOptions --debugger-agent=transport=dt_socket,embedding=1,server=y,suspend=n,address=127.0.0.1:56044
Begin MonoManager ReloadAssembly
Registering precompiled unity dll's ...
Register platform support module: D:/Software/Unity/Unity/2020.3.4f1/Editor/Data/PlaybackEngines/WebGLSupport/UnityEditor.WebGL.Extensions.dll
Register platform support module: D:/Software/Unity/Unity/2020.3.4f1/Editor/Data/PlaybackEngines/MacStandaloneSupport/UnityEditor.OSXStandalone.Extensions.dll
Register platform support module: D:/Software/Unity/Unity/2020.3.4f1/Editor/Data/PlaybackEngines/WindowsStandaloneSupport/UnityEditor.WindowsStandalone.Extensions.dll
Registered in 0.001346 seconds.
Native extension for WindowsStandalone target not found
Native extension for OSXStandalone target not found
Native extension for WebGL target not found
Refreshing native plugins compatible for Editor in 46.79 ms, found 1 plugins.
Preloading 0 native plugins for Editor in 0.00 ms.
Mono: successfully reloaded assembly
- Completed reload, in  0.958 seconds
Platform modules already initialized, skipping
Registering precompiled user dll's ...
Registered in 0.000829 seconds.
Begin MonoManager ReloadAssembly
Native extension for WindowsStandalone target not found
Native extension for OSXStandalone target not found
Native extension for WebGL target not found
Refreshing native plugins compatible for Editor in 47.86 ms, found 1 plugins.
Preloading 0 native plugins for Editor in 0.00 ms.
Mono: successfully reloaded assembly
- Completed reload, in  1.098 seconds
Platform modules already initialized, skipping
========================================================================
Worker process is ready to serve import requests
Launched and connected shader compiler UnityShaderCompiler.exe after 0.05 seconds
Refreshing native plugins compatible for Editor in 0.72 ms, found 1 plugins.
Preloading 0 native plugins for Editor in 0.00 ms.
Unloading 2128 Unused Serialized files (Serialized files now loaded: 0)
System memory in use before: 96.4 MB.
System memory in use after: 96.4 MB.

Unloading 26 unused Assets to reduce memory usage. Loaded Objects now: 2575.
Total: 3.594100 ms (FindLiveObjects: 0.563700 ms CreateObjectMapping: 0.068700 ms MarkObjects: 2.817600 ms  DeleteObjects: 0.140800 ms)

========================================================================
Received Import Request.
  path: Assets/Prefabs/Utilities
  artifactKey: Guid(bac8787909cac9141a870a232f80ddd2) Importer(815301076,1909f56bfc062723c751e8b465ee728b)
Start importing Assets/Prefabs/Utilities using Guid(bac8787909cac9141a870a232f80ddd2) Importer(815301076,1909f56bfc062723c751e8b465ee728b)  -> (artifact id: '0a24edbe115c29ddf4295c71dc353c93') in 0.014401 seconds
  Import took 0.019851 seconds .

========================================================================
Received Import Request.
  Time since last request: 263.036574 seconds.
  path: Assets/Prefabs/UI/MainMenu.prefab
  artifactKey: Guid(395330b6cfb66f246a4c7682cf797c5e) Importer(815301076,1909f56bfc062723c751e8b465ee728b)
Start importing Assets/Prefabs/UI/MainMenu.prefab using Guid(395330b6cfb66f246a4c7682cf797c5e) Importer(815301076,1909f56bfc062723c751e8b465ee728b)  -> (artifact id: '834feabb9283dab68b4a196c983e79f7') in 0.114954 seconds
  Import took 0.120605 seconds .

========================================================================
Received Import Request.
  Time since last request: 80.259551 seconds.
  path: Assets/Prefabs/UI/UIPages/LevelWinScreen.prefab
  artifactKey: Guid(c5496956a13b24c4cb52fe0194bbdfb7) Importer(815301076,1909f56bfc062723c751e8b465ee728b)
Start importing Assets/Prefabs/UI/UIPages/LevelWinScreen.prefab using Guid(c5496956a13b24c4cb52fe0194bbdfb7) Importer(815301076,1909f56bfc062723c751e8b465ee728b)  -> (artifact id: 'eec768475a8638d0a2ef3d7257dd9b8e') in 0.017666 seconds
  Import took 0.023926 seconds .

========================================================================
Received Import Request.
  Time since last request: 0.021705 seconds.
  path: Assets/Prefabs/UI/CursorChanger.prefab
  artifactKey: Guid(60d30ea7c9ae4f94d976903729909542) Importer(815301076,1909f56bfc062723c751e8b465ee728b)
Start importing Assets/Prefabs/UI/CursorChanger.prefab using Guid(60d30ea7c9ae4f94d976903729909542) Importer(815301076,1909f56bfc062723c751e8b465ee728b)  -> (artifact id: 'f589e7eefeb03560b4aac71ad650d1c6') in 0.013807 seconds
  Import took 0.017928 seconds .

========================================================================
Received Prepare
Registering precompiled user dll's ...
Registered in 0.001816 seconds.
Begin MonoManager ReloadAssembly
Native extension for WindowsStandalone target not found
Native extension for OSXStandalone target not found
Native extension for WebGL target not found
Refreshing native plugins compatible for Editor in 0.54 ms, found 1 plugins.
Preloading 0 native plugins for Editor in 0.00 ms.
Mono: successfully reloaded assembly
- Completed reload, in  0.816 seconds
Platform modules already initialized, skipping
Refreshing native plugins compatible for Editor in 0.48 ms, found 1 plugins.
Preloading 0 native plugins for Editor in 0.00 ms.
Unloading 2123 Unused Serialized files (Serialized files now loaded: 0)
System memory in use before: 96.6 MB.
System memory in use after: 96.5 MB.

Unloading 13 unused Assets to reduce memory usage. Loaded Objects now: 2579.
Total: 3.307400 ms (FindLiveObjects: 0.533300 ms CreateObjectMapping: 0.144400 ms MarkObjects: 2.494400 ms  DeleteObjects: 0.132800 ms)

========================================================================
Received Import Request.
  Time since last request: 348.562856 seconds.
  path: Assets/Prefabs/Effects/Player/PlayerHitEffect.prefab
  artifactKey: Guid(d35295653acdbe24081a5caee3d9c353) Importer(815301076,1909f56bfc062723c751e8b465ee728b)
Start importing Assets/Prefabs/Effects/Player/PlayerHitEffect.prefab using Guid(d35295653acdbe24081a5caee3d9c353) Importer(815301076,1909f56bfc062723c751e8b465ee728b)  -> (artifact id: 'e2bed1c090fc097917db848620731b99') in 0.041678 seconds
  Import took 0.047506 seconds .

========================================================================
Received Import Request.
  Time since last request: 0.023920 seconds.
  path: Assets/Prefabs/Enemies/IndividualEnemies/Chasers/DiagonalChasing.prefab
  artifactKey: Guid(576cba70e4daccf488dda522850ba325) Importer(815301076,1909f56bfc062723c751e8b465ee728b)
Start importing Assets/Prefabs/Enemies/IndividualEnemies/Chasers/DiagonalChasing.prefab using Guid(576cba70e4daccf488dda522850ba325) Importer(815301076,1909f56bfc062723c751e8b465ee728b)  -> (artifact id: 'e5256dcf8b56916084e8b6bad2cf2e56') in 0.077986 seconds
  Import took 0.083542 seconds .

========================================================================
Received Import Request.
  Time since last request: 0.044460 seconds.
  path: Assets/Prefabs/MyPrefabs/Space Shooter Template FREE/Sprites/Planets
  artifactKey: Guid(c532b704bdaf01a469f7428215b2851c) Importer(815301076,1909f56bfc062723c751e8b465ee728b)
Start importing Assets/Prefabs/MyPrefabs/Space Shooter Template FREE/Sprites/Planets using Guid(c532b704bdaf01a469f7428215b2851c) Importer(815301076,1909f56bfc062723c751e8b465ee728b)  -> (artifact id: '02ce4e106659bbeb017be203a11fcba0') in 0.010513 seconds
  Import took 0.014770 seconds .

========================================================================
Received Import Request.
  Time since last request: 0.020535 seconds.
  path: Assets/Prefabs/Enemies/IndividualEnemies/StationaryShooters/DiagonalShooter.prefab
  artifactKey: Guid(91411278b0dfa9a468f417268eba15a3) Importer(815301076,1909f56bfc062723c751e8b465ee728b)
Start importing Assets/Prefabs/Enemies/IndividualEnemies/StationaryShooters/DiagonalShooter.prefab using Guid(91411278b0dfa9a468f417268eba15a3) Importer(815301076,1909f56bfc062723c751e8b465ee728b)  -> (artifact id: 'da5e924f3e149f3cddd5f242f4bc541a') in 0.022079 seconds
  Import took 0.026344 seconds .

========================================================================
Received Import Request.
  Time since last request: 0.023724 seconds.
  path: Assets/Prefabs/MyPrefabs/Space Shooter Template FREE/Sprites/Background/Stars-Big_1_1.png
  artifactKey: Guid(7a583abac50037a4d8ec44a3f8e906c1) Importer(815301076,1909f56bfc062723c751e8b465ee728b)
Start importing Assets/Prefabs/MyPrefabs/Space Shooter Template FREE/Sprites/Background/Stars-Big_1_1.png using Guid(7a583abac50037a4d8ec44a3f8e906c1) Importer(815301076,1909f56bfc062723c751e8b465ee728b)  -> (artifact id: '1b25df2c00a05a2c0113bae83d665da4') in 0.115101 seconds
  Import took 0.119773 seconds .

========================================================================
Received Import Request.
  Time since last request: 0.027660 seconds.
  path: Assets/Prefabs/MyPrefabs/Space Shooter Template FREE/Sprites/Planets/blue-planet.png
  artifactKey: Guid(4824fa28ba58074488d725843f545f35) Importer(815301076,1909f56bfc062723c751e8b465ee728b)
Start importing Assets/Prefabs/MyPrefabs/Space Shooter Template FREE/Sprites/Planets/blue-planet.png using Guid(4824fa28ba58074488d725843f545f35) Importer(815301076,1909f56bfc062723c751e8b465ee728b)  -> (artifact id: '02705f5c6dd016953eef904ec8ae999d') in 0.024013 seconds
  Import took 0.028613 seconds .

========================================================================
Received Import Request.
  Time since last request: 0.061095 seconds.
  path: Assets/Prefabs/Enemies/Spawners/EnemySpawnerDiagonal.prefab
  artifactKey: Guid(808e2a94a2f08464bb312ea2ca604e21) Importer(815301076,1909f56bfc062723c751e8b465ee728b)
Start importing Assets/Prefabs/Enemies/Spawners/EnemySpawnerDiagonal.prefab using Guid(808e2a94a2f08464bb312ea2ca604e21) Importer(815301076,1909f56bfc062723c751e8b465ee728b)  -> (artifact id: 'c9a925b2047c51c581bc2f61468ae566') in 0.015162 seconds
  Import took 0.020187 seconds .

========================================================================
Received Import Request.
  Time since last request: 0.010763 seconds.
  path: Assets/Prefabs/Enemies/IndividualEnemies
  artifactKey: Guid(ba3d67401d7b1064c9bb613399a02192) Importer(815301076,1909f56bfc062723c751e8b465ee728b)
Start importing Assets/Prefabs/Enemies/IndividualEnemies using Guid(ba3d67401d7b1064c9bb613399a02192) Importer(815301076,1909f56bfc062723c751e8b465ee728b)  -> (artifact id: '71952cfdddd2fc9734fada79c55f1d6d') in 0.009839 seconds
  Import took 0.014696 seconds .

========================================================================
Received Import Request.
  Time since last request: 0.019368 seconds.
  path: Assets/Prefabs/Utilities/ScreenshotUtility.prefab
  artifactKey: Guid(17c4624ac5de93a4a9852fa498f4e23d) Importer(815301076,1909f56bfc062723c751e8b465ee728b)
Start importing Assets/Prefabs/Utilities/ScreenshotUtility.prefab using Guid(17c4624ac5de93a4a9852fa498f4e23d) Importer(815301076,1909f56bfc062723c751e8b465ee728b)  -> (artifact id: '4af8803e3cdc89eadc5fef8d53fd12bf') in 0.011747 seconds
  Import took 0.016447 seconds .

========================================================================
Received Import Request.
  Time since last request: 0.059264 seconds.
  path: Assets/Prefabs/Environment & Hazards/Stationary
  artifactKey: Guid(8d2fb7e16bdf82e4b8968f26c97db165) Importer(815301076,1909f56bfc062723c751e8b465ee728b)
Start importing Assets/Prefabs/Environment & Hazards/Stationary using Guid(8d2fb7e16bdf82e4b8968f26c97db165) Importer(815301076,1909f56bfc062723c751e8b465ee728b)  -> (artifact id: 'ce61a17d50f2d0e5ce00007aa6d693da') in 0.009971 seconds
  Import took 0.013864 seconds .

========================================================================
Received Import Request.
  Time since last request: 0.020033 seconds.
  path: Assets/Prefabs/Effects/Enemy/EnemyHitEffect.prefab
  artifactKey: Guid(d6029318d740811488fd5dd38a7e1ce1) Importer(815301076,1909f56bfc062723c751e8b465ee728b)
Start importing Assets/Prefabs/Effects/Enemy/EnemyHitEffect.prefab using Guid(d6029318d740811488fd5dd38a7e1ce1) Importer(815301076,1909f56bfc062723c751e8b465ee728b)  -> (artifact id: '9f43511e3f9416a08b13c7e22a9d13b8') in 0.011606 seconds
  Import took 0.016396 seconds .

========================================================================
Received Import Request.
  Time since last request: 0.042208 seconds.
  path: Assets/Prefabs/MyPrefabs/DinV/Dynamic Space Background/Sprites/Stars Small_1.png
  artifactKey: Guid(efe6ce32a6a4408489775c70e5d32f11) Importer(815301076,1909f56bfc062723c751e8b465ee728b)
Start importing Assets/Prefabs/MyPrefabs/DinV/Dynamic Space Background/Sprites/Stars Small_1.png using Guid(efe6ce32a6a4408489775c70e5d32f11) Importer(815301076,1909f56bfc062723c751e8b465ee728b)  -> (artifact id: 'e40033069ecc8f25fffba09e07a65519') in 0.070012 seconds
  Import took 0.074754 seconds .

========================================================================
Received Import Request.
  Time since last request: 0.039314 seconds.
  path: Assets/Prefabs/MyPrefabs/Space Shooter Template FREE/Sprites/Planets/Purple-Planet-wih-Moon.png
  artifactKey: Guid(badeeac037e8bea42a8a57230ed0eb9a) Importer(815301076,1909f56bfc062723c751e8b465ee728b)
Start importing Assets/Prefabs/MyPrefabs/Space Shooter Template FREE/Sprites/Planets/Purple-Planet-wih-Moon.png using Guid(badeeac037e8bea42a8a57230ed0eb9a) Importer(815301076,1909f56bfc062723c751e8b465ee728b)  -> (artifact id: 'cbca7ebe9871749bda75d373b3eb83db') in 0.023020 seconds
  Import took 0.027142 seconds .

========================================================================
Received Import Request.
  Time since last request: 0.030727 seconds.
  path: Assets/Prefabs/Effects/PlayerProjectileHitV2.prefab
  artifactKey: Guid(2593d5461178baf439ad53cc44f920d0) Importer(815301076,1909f56bfc062723c751e8b465ee728b)
Start importing Assets/Prefabs/Effects/PlayerProjectileHitV2.prefab using Guid(2593d5461178baf439ad53cc44f920d0) Importer(815301076,1909f56bfc062723c751e8b465ee728b)  -> (artifact id: '32213c6933862810b68f83c8cfbfb7d4') in 0.012863 seconds
  Import took 0.017368 seconds .

========================================================================
Received Import Request.
  Time since last request: 0.011635 seconds.
  path: Assets/Prefabs/Projectiles/Enemy Projectiles
  artifactKey: Guid(3ac7764ec9e9d8a428a42b96d0b3b150) Importer(815301076,1909f56bfc062723c751e8b465ee728b)
Start importing Assets/Prefabs/Projectiles/Enemy Projectiles using Guid(3ac7764ec9e9d8a428a42b96d0b3b150) Importer(815301076,1909f56bfc062723c751e8b465ee728b)  -> (artifact id: '616f2183d3287c28a9e24fa332884d30') in 0.009061 seconds
  Import took 0.013294 seconds .

========================================================================
Received Import Request.
  Time since last request: 0.037634 seconds.
  path: Assets/Scripts/UI/CursorChanger.cs
  artifactKey: Guid(f4035654639904343bd9b35a2e920a2a) Importer(815301076,1909f56bfc062723c751e8b465ee728b)
Start importing Assets/Scripts/UI/CursorChanger.cs using Guid(f4035654639904343bd9b35a2e920a2a) Importer(815301076,1909f56bfc062723c751e8b465ee728b)  -> (artifact id: '3387d64a8d7cf94b675ea5229076fbf9') in 0.066084 seconds
  Import took 0.070299 seconds .

========================================================================
Received Import Request.
  Time since last request: 0.029624 seconds.
  path: Assets/Prefabs/Enemies/IndividualEnemies/Chasers/ChaserEnemy.prefab
  artifactKey: Guid(cfd62ad4c55daa942bae8f75211b08e0) Importer(815301076,1909f56bfc062723c751e8b465ee728b)
Start importing Assets/Prefabs/Enemies/IndividualEnemies/Chasers/ChaserEnemy.prefab using Guid(cfd62ad4c55daa942bae8f75211b08e0) Importer(815301076,1909f56bfc062723c751e8b465ee728b)  -> (artifact id: 'a44e067a76fc1ba613744cc463609552') in 0.018693 seconds
  Import took 0.022960 seconds .

========================================================================
Received Import Request.
  Time since last request: 0.036187 seconds.
  path: Assets/Prefabs/MyPrefabs/1632473279345 6.png
  artifactKey: Guid(9661558908eb23e4dac099fd630d95de) Importer(815301076,1909f56bfc062723c751e8b465ee728b)
Start importing Assets/Prefabs/MyPrefabs/1632473279345 6.png using Guid(9661558908eb23e4dac099fd630d95de) Importer(815301076,1909f56bfc062723c751e8b465ee728b)  -> (artifact id: 'abf23dff32821200cf4c1c09915f9ae3') in 0.021889 seconds
  Import took 0.026759 seconds .

========================================================================
Received Import Request.
  Time since last request: 0.029480 seconds.
  path: Assets/Prefabs/UI/Minimap.prefab
  artifactKey: Guid(da47b5989e1cc9b4ca8783df883d2d88) Importer(815301076,1909f56bfc062723c751e8b465ee728b)
Start importing Assets/Prefabs/UI/Minimap.prefab using Guid(da47b5989e1cc9b4ca8783df883d2d88) Importer(815301076,1909f56bfc062723c751e8b465ee728b)  -> (artifact id: 'e4f239cf8ef7101f1c797eb6ae728c3c') in 0.019754 seconds
  Import took 0.023697 seconds .

========================================================================
Received Import Request.
  Time since last request: 0.021242 seconds.
  path: Assets/Prefabs/Input/PlayerInputActions.inputactions
  artifactKey: Guid(cc108b3cdc18cb148a6a7da3b81bca34) Importer(815301076,1909f56bfc062723c751e8b465ee728b)
Start importing Assets/Prefabs/Input/PlayerInputActions.inputactions using Guid(cc108b3cdc18cb148a6a7da3b81bca34) Importer(815301076,1909f56bfc062723c751e8b465ee728b)  -> (artifact id: '5902f5ab8892d403c0738eccb9ca8095') in 0.018013 seconds
  Import took 0.022304 seconds .

========================================================================
Received Import Request.
  Time since last request: 0.019974 seconds.
  path: Assets/Prefabs/Input/UIInputActions.inputactions
  artifactKey: Guid(90b10fb8973f14445a0d1ea33be96f5c) Importer(815301076,1909f56bfc062723c751e8b465ee728b)
Start importing Assets/Prefabs/Input/UIInputActions.inputactions using Guid(90b10fb8973f14445a0d1ea33be96f5c) Importer(815301076,1909f56bfc062723c751e8b465ee728b)  -> (artifact id: '2042a99a4c6fd1cea4f9b9ca5f9d13ff') in 0.013121 seconds
  Import took 0.017211 seconds .

========================================================================
Received Import Request.
  Time since last request: 0.019386 seconds.
  path: Assets/Prefabs/Environment & Hazards
  artifactKey: Guid(d0b25488633a2e34c860e50c8d46d6c8) Importer(815301076,1909f56bfc062723c751e8b465ee728b)
Start importing Assets/Prefabs/Environment & Hazards using Guid(d0b25488633a2e34c860e50c8d46d6c8) Importer(815301076,1909f56bfc062723c751e8b465ee728b)  -> (artifact id: '47aea9c5b7d3ba602dc42fa33076241b') in 0.009208 seconds
  Import took 0.013725 seconds .

========================================================================
Received Import Request.
  Time since last request: 0.021670 seconds.
  path: Assets/Prefabs/Effects/PlayerProjectileHit.prefab
  artifactKey: Guid(4333782c388b9854b901838850365c22) Importer(815301076,1909f56bfc062723c751e8b465ee728b)
Start importing Assets/Prefabs/Effects/PlayerProjectileHit.prefab using Guid(4333782c388b9854b901838850365c22) Importer(815301076,1909f56bfc062723c751e8b465ee728b)  -> (artifact id: 'ace9bed8df304e2e4605b6810d9fa18b') in 0.012146 seconds
  Import took 0.016275 seconds .

========================================================================
Received Import Request.
  Time since last request: 0.011328 seconds.
  path: Assets/Prefabs/Management/UIManager.prefab
  artifactKey: Guid(1c0df30cd27710240931e8cee3eaa949) Importer(815301076,1909f56bfc062723c751e8b465ee728b)
Start importing Assets/Prefabs/Management/UIManager.prefab using Guid(1c0df30cd27710240931e8cee3eaa949) Importer(815301076,1909f56bfc062723c751e8b465ee728b)  -> (artifact id: '99a5fd22c5c04309a46fe15a50f59798') in 0.012431 seconds
  Import took 0.016019 seconds .

========================================================================
Received Import Request.
  Time since last request: 0.021405 seconds.
  path: Assets/Prefabs/MyPrefabs/Space Shooter Template FREE/Sprites/Planets/Red-Lines-PLanet.png
  artifactKey: Guid(81213629a5704014297cd826d7dcb942) Importer(815301076,1909f56bfc062723c751e8b465ee728b)
Start importing Assets/Prefabs/MyPrefabs/Space Shooter Template FREE/Sprites/Planets/Red-Lines-PLanet.png using Guid(81213629a5704014297cd826d7dcb942) Importer(815301076,1909f56bfc062723c751e8b465ee728b)  -> (artifact id: '698d1dfb2002fcd521d5f61b32c87ef1') in 0.021015 seconds
  Import took 0.025691 seconds .

========================================================================
Received Import Request.
  Time since last request: 0.045988 seconds.
  path: Assets/Prefabs/MyPrefabs/Space Shooter Template FREE/Sprites/Background/Stars-Medium_1_1.png
  artifactKey: Guid(cae821368cd9f694f9e65ba82e1564f8) Importer(815301076,1909f56bfc062723c751e8b465ee728b)
Start importing Assets/Prefabs/MyPrefabs/Space Shooter Template FREE/Sprites/Background/Stars-Medium_1_1.png using Guid(cae821368cd9f694f9e65ba82e1564f8) Importer(815301076,1909f56bfc062723c751e8b465ee728b)  -> (artifact id: '54b7db3dff37ac828187cdc2f260441f') in 0.026581 seconds
  Import took 0.031757 seconds .

========================================================================
Received Import Request.
  Time since last request: 0.023286 seconds.
  path: Assets/Prefabs/Enemies/EnemyParts/EnemyGun.prefab
  artifactKey: Guid(721a747dce90ff742814fb081e8ec6aa) Importer(815301076,1909f56bfc062723c751e8b465ee728b)
Start importing Assets/Prefabs/Enemies/EnemyParts/EnemyGun.prefab using Guid(721a747dce90ff742814fb081e8ec6aa) Importer(815301076,1909f56bfc062723c751e8b465ee728b)  -> (artifact id: '12b10d057c87a83324e02fa115b50762') in 0.011518 seconds
  Import took 0.015761 seconds .

========================================================================
Received Import Request.
  Time since last request: 0.018712 seconds.
  path: Assets/Prefabs/Enemies/IndividualEnemies/Chasers
  artifactKey: Guid(d6b87a3f5bc55d043b7bde7753be85f1) Importer(815301076,1909f56bfc062723c751e8b465ee728b)
Start importing Assets/Prefabs/Enemies/IndividualEnemies/Chasers using Guid(d6b87a3f5bc55d043b7bde7753be85f1) Importer(815301076,1909f56bfc062723c751e8b465ee728b)  -> (artifact id: '89aeb0edb0cc0f6779f17757c49cdf0c') in 0.009029 seconds
  Import took 0.012936 seconds .

========================================================================
Received Import Request.
  Time since last request: 0.024715 seconds.
  path: Assets/Scripts/UI/HighScoreDisplay.cs
  artifactKey: Guid(365b252fbaf5d9e47a7e7e2f74042a98) Importer(815301076,1909f56bfc062723c751e8b465ee728b)
Start importing Assets/Scripts/UI/HighScoreDisplay.cs using Guid(365b252fbaf5d9e47a7e7e2f74042a98) Importer(815301076,1909f56bfc062723c751e8b465ee728b)  -> (artifact id: '656f7922fa96ec646f86dbde6216a1dc') in 0.010452 seconds
  Import took 0.014821 seconds .

========================================================================
Received Import Request.
  Time since last request: 0.021979 seconds.
  path: Assets/Prefabs/Input/InputManager.prefab
  artifactKey: Guid(ee0a8098c96767f46bc89ba62f91f2ae) Importer(815301076,1909f56bfc062723c751e8b465ee728b)
Start importing Assets/Prefabs/Input/InputManager.prefab using Guid(ee0a8098c96767f46bc89ba62f91f2ae) Importer(815301076,1909f56bfc062723c751e8b465ee728b)  -> (artifact id: 'f5772d8c97a26e47876614fae879634c') in 0.019398 seconds
  Import took 0.023601 seconds .

========================================================================
Received Import Request.
  Time since last request: 0.037823 seconds.
  path: Assets/Prefabs/Management/GameManager.prefab
  artifactKey: Guid(fb3863dec9ed61644a34a2455dd1bc1d) Importer(815301076,1909f56bfc062723c751e8b465ee728b)
Start importing Assets/Prefabs/Management/GameManager.prefab using Guid(fb3863dec9ed61644a34a2455dd1bc1d) Importer(815301076,1909f56bfc062723c751e8b465ee728b)  -> (artifact id: '583fee656c3f980b08c7ccb167bd71dd') in 0.012575 seconds
  Import took 0.017279 seconds .

========================================================================
Received Import Request.
  Time since last request: 0.036095 seconds.
  path: Assets/Prefabs/MyPrefabs/DinV/Dynamic Space Background/Sprites/Nebula Red.png
  artifactKey: Guid(35313af049b4a2f42a0325330c51d74a) Importer(815301076,1909f56bfc062723c751e8b465ee728b)
Start importing Assets/Prefabs/MyPrefabs/DinV/Dynamic Space Background/Sprites/Nebula Red.png using Guid(35313af049b4a2f42a0325330c51d74a) Importer(815301076,1909f56bfc062723c751e8b465ee728b)  -> (artifact id: '667682d77a3576a4f9a847cf9ef257bf') in 0.031294 seconds
  Import took 0.035506 seconds .

========================================================================
Received Import Request.
  Time since last request: 0.019772 seconds.
  path: Assets/Prefabs/Effects/Win&Lose
  artifactKey: Guid(b9ed21b8044da1d40aba291397419eff) Importer(815301076,1909f56bfc062723c751e8b465ee728b)
Start importing Assets/Prefabs/Effects/Win&Lose using Guid(b9ed21b8044da1d40aba291397419eff) Importer(815301076,1909f56bfc062723c751e8b465ee728b)  -> (artifact id: 'fc30921a6c88d96abb43062cfad7a81a') in 0.010745 seconds
  Import took 0.015206 seconds .

========================================================================
Received Import Request.
  Time since last request: 0.020964 seconds.
  path: Assets/Prefabs/Enemies/IndividualEnemies/DiagonalShooter.prefab
  artifactKey: Guid(495642eafc9670944a4a57f177cfc4ce) Importer(815301076,1909f56bfc062723c751e8b465ee728b)
Start importing Assets/Prefabs/Enemies/IndividualEnemies/DiagonalShooter.prefab using Guid(495642eafc9670944a4a57f177cfc4ce) Importer(815301076,1909f56bfc062723c751e8b465ee728b)  -> (artifact id: '29be9857ffeb3efcbec6873ce24f44f7') in 0.018629 seconds
  Import took 0.023630 seconds .

========================================================================
Received Import Request.
  Time since last request: 0.036323 seconds.
  path: Assets/Prefabs/MyPrefabs/DinV/Dynamic Space Background/Sprites/Nebula Aqua-Pink.png
  artifactKey: Guid(d9b31ebd60af68c469212c1a9f513e74) Importer(815301076,1909f56bfc062723c751e8b465ee728b)
Start importing Assets/Prefabs/MyPrefabs/DinV/Dynamic Space Background/Sprites/Nebula Aqua-Pink.png using Guid(d9b31ebd60af68c469212c1a9f513e74) Importer(815301076,1909f56bfc062723c751e8b465ee728b)  -> (artifact id: '4af6ac324fe4bedf9f299a4c6200f4d7') in 0.027090 seconds
  Import took 0.030911 seconds .

========================================================================
Received Import Request.
  Time since last request: 0.041557 seconds.
  path: Assets/Prefabs/MyPrefabs/icon.jpg
  artifactKey: Guid(51b31f8aa67d6fc46949f6b5ec453d37) Importer(815301076,1909f56bfc062723c751e8b465ee728b)
Start importing Assets/Prefabs/MyPrefabs/icon.jpg using Guid(51b31f8aa67d6fc46949f6b5ec453d37) Importer(815301076,1909f56bfc062723c751e8b465ee728b)  -> (artifact id: 'dcc3af6f18a1313d5816282cbdd0a252') in 0.025263 seconds
  Import took 0.029475 seconds .

========================================================================
Received Import Request.
  Time since last request: 0.031516 seconds.
  path: Assets/Prefabs/Environment & Hazards/Stationary/CollidingAsteroid.prefab
  artifactKey: Guid(b289e07895452244383cb41b59b6d359) Importer(815301076,1909f56bfc062723c751e8b465ee728b)
Start importing Assets/Prefabs/Environment & Hazards/Stationary/CollidingAsteroid.prefab using Guid(b289e07895452244383cb41b59b6d359) Importer(815301076,1909f56bfc062723c751e8b465ee728b)  -> (artifact id: '73d0263b568883cbeed6f8877cf59d83') in 0.018821 seconds
  Import took 0.023072 seconds .

========================================================================
Received Import Request.
  Time since last request: 0.026862 seconds.
  path: Assets/Scripts/UI/LevelLoadButton.cs
  artifactKey: Guid(75fd2e3838f815c459c7aa9352cee0f0) Importer(815301076,1909f56bfc062723c751e8b465ee728b)
Start importing Assets/Scripts/UI/LevelLoadButton.cs using Guid(75fd2e3838f815c459c7aa9352cee0f0) Importer(815301076,1909f56bfc062723c751e8b465ee728b)  -> (artifact id: 'f44e607fd62e6f6067f1c14bb53626eb') in 0.009698 seconds
  Import took 0.014107 seconds .

========================================================================
Received Import Request.
  Time since last request: 0.086027 seconds.
  path: Assets/Prefabs/Effects/UI
  artifactKey: Guid(19f17326d19d9d547a3f0081aac69a6c) Importer(815301076,1909f56bfc062723c751e8b465ee728b)
Start importing Assets/Prefabs/Effects/UI using Guid(19f17326d19d9d547a3f0081aac69a6c) Importer(815301076,1909f56bfc062723c751e8b465ee728b)  -> (artifact id: 'e6753e0efd70f70e16341af8df855158') in 0.010034 seconds
  Import took 0.014298 seconds .

========================================================================
Received Import Request.
  Time since last request: 0.055675 seconds.
  path: Assets/Scripts/UI/UIelement.cs
  artifactKey: Guid(e0a0061ac0d207d49b659a67d0f0e331) Importer(815301076,1909f56bfc062723c751e8b465ee728b)
Start importing Assets/Scripts/UI/UIelement.cs using Guid(e0a0061ac0d207d49b659a67d0f0e331) Importer(815301076,1909f56bfc062723c751e8b465ee728b)  -> (artifact id: '8edecde899166d906ab05f3be7dfcd07') in 0.009238 seconds
  Import took 0.013327 seconds .

========================================================================
Received Import Request.
  Time since last request: 0.024694 seconds.
  path: Assets/Scripts/UI/HighlightFix.cs
  artifactKey: Guid(227de49f6a602624ba1433ff37d9ed8e) Importer(815301076,1909f56bfc062723c751e8b465ee728b)
Start importing Assets/Scripts/UI/HighlightFix.cs using Guid(227de49f6a602624ba1433ff37d9ed8e) Importer(815301076,1909f56bfc062723c751e8b465ee728b)  -> (artifact id: '525c0c293cd92bc85d3406e3f92003d2') in 0.009117 seconds
  Import took 0.013707 seconds .

========================================================================
Received Import Request.
  Time since last request: 0.023401 seconds.
  path: Assets/Prefabs/MyPrefabs/Space Shooter Template FREE/Sprites/Background/Nebula_1_1_Bottom.png
  artifactKey: Guid(6b10284ebe4e52e489cf7bd6c3aa5dfc) Importer(815301076,1909f56bfc062723c751e8b465ee728b)
Start importing Assets/Prefabs/MyPrefabs/Space Shooter Template FREE/Sprites/Background/Nebula_1_1_Bottom.png using Guid(6b10284ebe4e52e489cf7bd6c3aa5dfc) Importer(815301076,1909f56bfc062723c751e8b465ee728b)  -> (artifact id: '61867cab9a4c33bb06dc71707414e1b4') in 0.030078 seconds
  Import took 0.033577 seconds .

========================================================================
Received Import Request.
  Time since last request: 0.019637 seconds.
  path: Assets/Prefabs/Input/InputSystem.inputsettings.asset
  artifactKey: Guid(4b6627bdb09239c47ad54869a83913e4) Importer(815301076,1909f56bfc062723c751e8b465ee728b)
Start importing Assets/Prefabs/Input/InputSystem.inputsettings.asset using Guid(4b6627bdb09239c47ad54869a83913e4) Importer(815301076,1909f56bfc062723c751e8b465ee728b)  -> (artifact id: '7393f02f696a7cba378aea0d46a63d8f') in 0.012988 seconds
  Import took 0.017315 seconds .

========================================================================
Received Import Request.
  Time since last request: 0.043675 seconds.
  path: Assets/Scripts/UI/UIManager.cs
  artifactKey: Guid(1180636e0c9d2c14fb8dbba577f09731) Importer(815301076,1909f56bfc062723c751e8b465ee728b)
Start importing Assets/Scripts/UI/UIManager.cs using Guid(1180636e0c9d2c14fb8dbba577f09731) Importer(815301076,1909f56bfc062723c751e8b465ee728b)  -> (artifact id: 'c5d13baab59bc305e55304d230236b15') in 0.003980 seconds
  Import took 0.008739 seconds .

========================================================================
Received Import Request.
  Time since last request: 0.020148 seconds.
  path: Assets/Prefabs/Effects/Enemy/EnemyDeathEffect.prefab
  artifactKey: Guid(990f3751046a4d840806774f23579fe2) Importer(815301076,1909f56bfc062723c751e8b465ee728b)
Start importing Assets/Prefabs/Effects/Enemy/EnemyDeathEffect.prefab using Guid(990f3751046a4d840806774f23579fe2) Importer(815301076,1909f56bfc062723c751e8b465ee728b)  -> (artifact id: '4158da02ebb93c27a95552e0490132f5') in 0.017032 seconds
  Import took 0.021787 seconds .

========================================================================
Received Import Request.
  Time since last request: 0.027068 seconds.
  path: Assets/Prefabs/Effects/EnemyProjectileHit.prefab
  artifactKey: Guid(f8e26257c05545b46ba79dade814a9c3) Importer(815301076,1909f56bfc062723c751e8b465ee728b)
Start importing Assets/Prefabs/Effects/EnemyProjectileHit.prefab using Guid(f8e26257c05545b46ba79dade814a9c3) Importer(815301076,1909f56bfc062723c751e8b465ee728b)  -> (artifact id: '5ef0a76d592dfe65b12a13bc31301a4f') in 0.012937 seconds
  Import took 0.018246 seconds .

========================================================================
Received Import Request.
  Time since last request: 0.019670 seconds.
  path: Assets/Prefabs/Projectiles/Player_Projectile/Player_Projectile.prefab
  artifactKey: Guid(aee1688b385340b4bab2b46707955895) Importer(815301076,1909f56bfc062723c751e8b465ee728b)
Start importing Assets/Prefabs/Projectiles/Player_Projectile/Player_Projectile.prefab using Guid(aee1688b385340b4bab2b46707955895) Importer(815301076,1909f56bfc062723c751e8b465ee728b)  -> (artifact id: '5bdfc91f28b20838cc036cf2686fdaf4') in 0.017682 seconds
  Import took 0.022865 seconds .

========================================================================
Received Import Request.
  Time since last request: 0.015375 seconds.
  path: Assets/Prefabs/MyPrefabs/Space Shooter Template FREE/Sprites/Background
  artifactKey: Guid(3429c3c322a9b4642ba568bf957c47a2) Importer(815301076,1909f56bfc062723c751e8b465ee728b)
Start importing Assets/Prefabs/MyPrefabs/Space Shooter Template FREE/Sprites/Background using Guid(3429c3c322a9b4642ba568bf957c47a2) Importer(815301076,1909f56bfc062723c751e8b465ee728b)  -> (artifact id: 'bffa0476c1d2d269f7e2607c80b2bee6') in 0.010607 seconds
  Import took 0.014553 seconds .

========================================================================
Received Import Request.
  Time since last request: 0.024435 seconds.
  path: Assets/Scripts/UI/UIPage.cs
  artifactKey: Guid(a37851aa441366846870e1fea7847f59) Importer(815301076,1909f56bfc062723c751e8b465ee728b)
Start importing Assets/Scripts/UI/UIPage.cs using Guid(a37851aa441366846870e1fea7847f59) Importer(815301076,1909f56bfc062723c751e8b465ee728b)  -> (artifact id: 'a8338c557c64f98b29fce132fe2bed2b') in 0.009444 seconds
  Import took 0.013705 seconds .

========================================================================
Received Import Request.
  Time since last request: 0.025661 seconds.
  path: Assets/Prefabs/MyPrefabs/DinV/Dynamic Space Background/Sprites/Nebula Blue.png
  artifactKey: Guid(ddcac1fac1f5c8943a30c2ef6b724062) Importer(815301076,1909f56bfc062723c751e8b465ee728b)
Start importing Assets/Prefabs/MyPrefabs/DinV/Dynamic Space Background/Sprites/Nebula Blue.png using Guid(ddcac1fac1f5c8943a30c2ef6b724062) Importer(815301076,1909f56bfc062723c751e8b465ee728b)  -> (artifact id: 'ac8a210bc620ecac6378a4dc31b636f4') in 0.036231 seconds
  Import took 0.039910 seconds .

========================================================================
Received Import Request.
  Time since last request: 0.027783 seconds.
  path: Assets/Prefabs/MyPrefabs/DinV/Dynamic Space Background/Sprites/Stars-Big_1.png
  artifactKey: Guid(c6944f9f15bd0ca4087bcdf033f0e162) Importer(815301076,1909f56bfc062723c751e8b465ee728b)
Start importing Assets/Prefabs/MyPrefabs/DinV/Dynamic Space Background/Sprites/Stars-Big_1.png using Guid(c6944f9f15bd0ca4087bcdf033f0e162) Importer(815301076,1909f56bfc062723c751e8b465ee728b)  -> (artifact id: 'f765471745065fe5e5333d57c2da64ed') in 0.027960 seconds
  Import took 0.031764 seconds .

========================================================================
Received Import Request.
  Time since last request: 0.031950 seconds.
  path: Assets/Prefabs/Effects/Win&Lose/VictoryEffect.prefab
  artifactKey: Guid(1dbb1fe3f1006ce4b89f203ed833e04e) Importer(815301076,1909f56bfc062723c751e8b465ee728b)
Start importing Assets/Prefabs/Effects/Win&Lose/VictoryEffect.prefab using Guid(1dbb1fe3f1006ce4b89f203ed833e04e) Importer(815301076,1909f56bfc062723c751e8b465ee728b)  -> (artifact id: 'eb86aca7b2ff9ef702c391b2ca8af982') in 0.012006 seconds
  Import took 0.016915 seconds .

========================================================================
Received Import Request.
  Time since last request: 0.025242 seconds.
  path: Assets/Scripts/UI/ScoreDisplay.cs
  artifactKey: Guid(14346f8fcc871204299029fedba2a3eb) Importer(815301076,1909f56bfc062723c751e8b465ee728b)
Start importing Assets/Scripts/UI/ScoreDisplay.cs using Guid(14346f8fcc871204299029fedba2a3eb) Importer(815301076,1909f56bfc062723c751e8b465ee728b)  -> (artifact id: '3ea26ca2d800d164107c69070eea4084') in 0.011842 seconds
  Import took 0.016333 seconds .

========================================================================
Received Import Request.
  Time since last request: 0.024069 seconds.
  path: Assets/Scripts/UI/QuitGameButton.cs
  artifactKey: Guid(b0bb5be61e83a0441b807b7457ed530b) Importer(815301076,1909f56bfc062723c751e8b465ee728b)
Start importing Assets/Scripts/UI/QuitGameButton.cs using Guid(b0bb5be61e83a0441b807b7457ed530b) Importer(815301076,1909f56bfc062723c751e8b465ee728b)  -> (artifact id: '4e3e426b7de1c75a0c61a11836b77e64') in 0.009559 seconds
  Import took 0.013828 seconds .

========================================================================
Received Import Request.
  Time since last request: 0.020133 seconds.
  path: Assets/Prefabs/Effects/EnemyHitEffect.prefab
  artifactKey: Guid(0ce4b1c4489029047aa937ec8b48cf53) Importer(815301076,1909f56bfc062723c751e8b465ee728b)
Start importing Assets/Prefabs/Effects/EnemyHitEffect.prefab using Guid(0ce4b1c4489029047aa937ec8b48cf53) Importer(815301076,1909f56bfc062723c751e8b465ee728b)  -> (artifact id: '7499784291a2d194bb8d7c1ead5c71e2') in 0.010800 seconds
  Import took 0.015151 seconds .

========================================================================
Received Import Request.
  Time since last request: 0.047617 seconds.
  path: Assets/Prefabs/Effects/UI/PauseEffect.prefab
  artifactKey: Guid(9967d2d51362d424db63a71a2379427f) Importer(815301076,1909f56bfc062723c751e8b465ee728b)
Start importing Assets/Prefabs/Effects/UI/PauseEffect.prefab using Guid(9967d2d51362d424db63a71a2379427f) Importer(815301076,1909f56bfc062723c751e8b465ee728b)  -> (artifact id: '3764da344b9826cbc8399f9804fe8739') in 0.011548 seconds
  Import took 0.016321 seconds .

========================================================================
Received Import Request.
  Time since last request: 0.011489 seconds.
  path: Assets/Prefabs/Enemies/EnemyParts
  artifactKey: Guid(3eff2d942d184284da10b353294032ec) Importer(815301076,1909f56bfc062723c751e8b465ee728b)
Start importing Assets/Prefabs/Enemies/EnemyParts using Guid(3eff2d942d184284da10b353294032ec) Importer(815301076,1909f56bfc062723c751e8b465ee728b)  -> (artifact id: 'de91d86ab9a7c1d8e907dd205c7581b9') in 0.009643 seconds
  Import took 0.014616 seconds .

========================================================================
Received Import Request.
  Time since last request: 0.030069 seconds.
  path: Assets/Prefabs/Projectiles
  artifactKey: Guid(93346bf752effa343b4e5e833f48ceb9) Importer(815301076,1909f56bfc062723c751e8b465ee728b)
Start importing Assets/Prefabs/Projectiles using Guid(93346bf752effa343b4e5e833f48ceb9) Importer(815301076,1909f56bfc062723c751e8b465ee728b)  -> (artifact id: 'b4fb63d4995dd4dfe4ca953880b341c1') in 0.010164 seconds
  Import took 0.014159 seconds .

========================================================================
Received Import Request.
  Time since last request: 0.041369 seconds.
  path: Assets/Prefabs/UI
  artifactKey: Guid(0c1cc0adfeeb03a4484d1a17c644c765) Importer(815301076,1909f56bfc062723c751e8b465ee728b)
Start importing Assets/Prefabs/UI using Guid(0c1cc0adfeeb03a4484d1a17c644c765) Importer(815301076,1909f56bfc062723c751e8b465ee728b)  -> (artifact id: '56ffaa04cd8ca6ec85e1211786382ee7') in 0.004187 seconds
  Import took 0.008234 seconds .

========================================================================
Received Import Request.
  Time since last request: 0.012148 seconds.
  path: Assets/Prefabs/Effects/Enemy
  artifactKey: Guid(6dc329beda0a1c3498e91de963b52bda) Importer(815301076,1909f56bfc062723c751e8b465ee728b)
Start importing Assets/Prefabs/Effects/Enemy using Guid(6dc329beda0a1c3498e91de963b52bda) Importer(815301076,1909f56bfc062723c751e8b465ee728b)  -> (artifact id: '5e83d25485e8ba17fef68f85d872db0b') in 0.011826 seconds
  Import took 0.017009 seconds .

========================================================================
Received Import Request.
  Time since last request: 0.052255 seconds.
  path: Assets/Prefabs/Enemies/Spawners
  artifactKey: Guid(e16e77f9f6cf1e3469449efadef33641) Importer(815301076,1909f56bfc062723c751e8b465ee728b)
Start importing Assets/Prefabs/Enemies/Spawners using Guid(e16e77f9f6cf1e3469449efadef33641) Importer(815301076,1909f56bfc062723c751e8b465ee728b)  -> (artifact id: 'b9ad7ece0fed9ae1a60f2a67b4a68ecb') in 0.011584 seconds
  Import took 0.016202 seconds .

========================================================================
Received Import Request.
  Time since last request: 0.011293 seconds.
  path: Assets/Prefabs/Effects/Player
  artifactKey: Guid(a76f61431804800478b14f21b30bbe11) Importer(815301076,1909f56bfc062723c751e8b465ee728b)
Start importing Assets/Prefabs/Effects/Player using Guid(a76f61431804800478b14f21b30bbe11) Importer(815301076,1909f56bfc062723c751e8b465ee728b)  -> (artifact id: '3f9f27986b4103c3fe5371fdd6c26156') in 0.012254 seconds
  Import took 0.017588 seconds .

========================================================================
Received Import Request.
  Time since last request: 0.031706 seconds.
  path: Assets/Prefabs/Environment & Hazards/Astroid.prefab
  artifactKey: Guid(4ff56f512f0956b4486863673e686753) Importer(815301076,1909f56bfc062723c751e8b465ee728b)
Start importing Assets/Prefabs/Environment & Hazards/Astroid.prefab using Guid(4ff56f512f0956b4486863673e686753) Importer(815301076,1909f56bfc062723c751e8b465ee728b)  -> (artifact id: '05a802aac263da35b9d1c558a7f85e74') in 0.022860 seconds
  Import took 0.026841 seconds .

========================================================================
Received Import Request.
  Time since last request: 0.067167 seconds.
  path: Assets/Prefabs/MyPrefabs/Space Shooter Template FREE/Sprites/Planets/cyan-planet.png
  artifactKey: Guid(5c67942973ea22d4fbdce30d9a8c9980) Importer(815301076,1909f56bfc062723c751e8b465ee728b)
Start importing Assets/Prefabs/MyPrefabs/Space Shooter Template FREE/Sprites/Planets/cyan-planet.png using Guid(5c67942973ea22d4fbdce30d9a8c9980) Importer(815301076,1909f56bfc062723c751e8b465ee728b)  -> (artifact id: 'f54440975dc5c7b4aab59357156bd23b') in 0.022277 seconds
  Import took 0.026416 seconds .

========================================================================
Received Import Request.
  Time since last request: 0.060357 seconds.
  path: Assets/Prefabs/MyPrefabs/Space Shooter Template FREE/Sprites/Background/Nebula_1_1_Top.png
  artifactKey: Guid(1cbe86da37c239742acb602c572d81c7) Importer(815301076,1909f56bfc062723c751e8b465ee728b)
Start importing Assets/Prefabs/MyPrefabs/Space Shooter Template FREE/Sprites/Background/Nebula_1_1_Top.png using Guid(1cbe86da37c239742acb602c572d81c7) Importer(815301076,1909f56bfc062723c751e8b465ee728b)  -> (artifact id: 'c4d809750ef1426032024920c949fc83') in 0.030368 seconds
  Import took 0.034684 seconds .

========================================================================
Received Import Request.
  Time since last request: 0.030450 seconds.
  path: Assets/Prefabs/Effects/Win&Lose/GameOverEffect.prefab
  artifactKey: Guid(bfc99d98d6418b04590bafbb9ddc8cd5) Importer(815301076,1909f56bfc062723c751e8b465ee728b)
Start importing Assets/Prefabs/Effects/Win&Lose/GameOverEffect.prefab using Guid(bfc99d98d6418b04590bafbb9ddc8cd5) Importer(815301076,1909f56bfc062723c751e8b465ee728b)  -> (artifact id: '61b7dc60dd4a65dc0cfd98e44dde8ea4') in 0.012270 seconds
  Import took 0.016532 seconds .

========================================================================
Received Import Request.
  Time since last request: 0.048091 seconds.
  path: Assets/Prefabs/MyPrefabs/Space Shooter Template FREE/Sprites
  artifactKey: Guid(02d813b6d51212c41a82b11e044be32f) Importer(815301076,1909f56bfc062723c751e8b465ee728b)
Start importing Assets/Prefabs/MyPrefabs/Space Shooter Template FREE/Sprites using Guid(02d813b6d51212c41a82b11e044be32f) Importer(815301076,1909f56bfc062723c751e8b465ee728b)  -> (artifact id: '34bd4d2c26281d0851a76b809b213976') in 0.010692 seconds
  Import took 0.014847 seconds .

========================================================================
Received Import Request.
  Time since last request: 0.011917 seconds.
  path: Assets/Prefabs/Projectiles/Player_Projectile
  artifactKey: Guid(a0fabcd72a61f7c458e2029be6083d72) Importer(815301076,1909f56bfc062723c751e8b465ee728b)
Start importing Assets/Prefabs/Projectiles/Player_Projectile using Guid(a0fabcd72a61f7c458e2029be6083d72) Importer(815301076,1909f56bfc062723c751e8b465ee728b)  -> (artifact id: '5d11aa3b72a392793c9f7a1c8354e243') in 0.012224 seconds
  Import took 0.015954 seconds .

AssetImportWorkerClient::OnTransportError - code=2 error=End of file
