Using pre-set license
Built from '2020.3/staging' branch; Version is '2020.3.4f1 (0abb6314276a) revision 703331'; Using compiler version '192528614'; Build Type 'Release'
OS: 'Windows 10 Home Single Language; OS build 22000.194; Version 2009; 64bit' Language: 'en' Physical Memory: 7599 MB
BatchMode: 1, IsHumanControllingUs: 0, StartBugReporterOnCrash: 0, Is64bit: 1, IsPro: 0

 COMMAND LINE ARGUMENTS:
D:\Software\Unity\Unity\2020.3.4f1\Editor\Unity.exe
-adb2
-batchMode
-noUpm
-name
AssetImportWorker0
-projectPath
D:/Doc/Unity Project/2DShooter
-logFile
Logs/AssetImportWorker0.log
-srvPort
62149
Successfully changed project path to: D:/Doc/Unity Project/2DShooter
D:/Doc/Unity Project/2DShooter
Using Asset Import Pipeline V2.
Refreshing native plugins compatible for Editor in 44.66 ms, found 1 plugins.
Preloading 0 native plugins for Editor in 0.00 ms.
Initialize engine version: 2020.3.4f1 (0abb6314276a)
[Subsystems] Discovering subsystems at path D:/Software/Unity/Unity/2020.3.4f1/Editor/Data/Resources/UnitySubsystems
[Subsystems] Discovering subsystems at path D:/Doc/Unity Project/2DShooter/Assets
GfxDevice: creating device client; threaded=0
Direct3D:
    Version:  Direct3D 11.0 [level 11.1]
    Renderer: NVIDIA GeForce GTX 1650 (ID=0x1f99)
    Vendor:   
    VRAM:     3962 MB
    Driver:   30.0.14.7196
Initialize mono
Mono path[0] = 'D:/Software/Unity/Unity/2020.3.4f1/Editor/Data/Managed'
Mono path[1] = 'D:/Software/Unity/Unity/2020.3.4f1/Editor/Data/MonoBleedingEdge/lib/mono/unityjit'
Mono config path = 'D:/Software/Unity/Unity/2020.3.4f1/Editor/Data/MonoBleedingEdge/etc'
Using monoOptions --debugger-agent=transport=dt_socket,embedding=1,server=y,suspend=n,address=127.0.0.1:56804
Begin MonoManager ReloadAssembly
Registering precompiled unity dll's ...
Register platform support module: D:/Software/Unity/Unity/2020.3.4f1/Editor/Data/PlaybackEngines/WebGLSupport/UnityEditor.WebGL.Extensions.dll
Register platform support module: D:/Software/Unity/Unity/2020.3.4f1/Editor/Data/PlaybackEngines/MacStandaloneSupport/UnityEditor.OSXStandalone.Extensions.dll
Register platform support module: D:/Software/Unity/Unity/2020.3.4f1/Editor/Data/PlaybackEngines/WindowsStandaloneSupport/UnityEditor.WindowsStandalone.Extensions.dll
Registered in 0.003273 seconds.
Native extension for WindowsStandalone target not found
Native extension for OSXStandalone target not found
Native extension for WebGL target not found
Refreshing native plugins compatible for Editor in 46.90 ms, found 1 plugins.
Preloading 0 native plugins for Editor in 0.00 ms.
Mono: successfully reloaded assembly
- Completed reload, in  1.466 seconds
Platform modules already initialized, skipping
Registering precompiled user dll's ...
Registered in 0.001624 seconds.
Begin MonoManager ReloadAssembly
Native extension for WindowsStandalone target not found
Native extension for OSXStandalone target not found
Native extension for WebGL target not found
Refreshing native plugins compatible for Editor in 45.80 ms, found 1 plugins.
Preloading 0 native plugins for Editor in 0.00 ms.
Mono: successfully reloaded assembly
- Completed reload, in  1.021 seconds
Platform modules already initialized, skipping
========================================================================
Worker process is ready to serve import requests
Launched and connected shader compiler UnityShaderCompiler.exe after 0.05 seconds
Refreshing native plugins compatible for Editor in 0.51 ms, found 1 plugins.
Preloading 0 native plugins for Editor in 0.00 ms.
Unloading 2128 Unused Serialized files (Serialized files now loaded: 0)
System memory in use before: 96.4 MB.
System memory in use after: 96.3 MB.

Unloading 26 unused Assets to reduce memory usage. Loaded Objects now: 2575.
Total: 2.907200 ms (FindLiveObjects: 0.496500 ms CreateObjectMapping: 0.097400 ms MarkObjects: 2.183900 ms  DeleteObjects: 0.127400 ms)

========================================================================
Received Import Request.
  path: Assets/DinV/Dynamic Space Background/Sprites
  artifactKey: Guid(3ec1885b01800f2418a75597e3cc12b1) Importer(815301076,1909f56bfc062723c751e8b465ee728b)
Start importing Assets/DinV/Dynamic Space Background/Sprites using Guid(3ec1885b01800f2418a75597e3cc12b1) Importer(815301076,1909f56bfc062723c751e8b465ee728b)  -> (artifact id: 'c20b9c190e8c46bf3266c49833dc8ae1') in 0.012566 seconds
  Import took 0.017441 seconds .

========================================================================
Received Import Request.
  Time since last request: 0.000598 seconds.
  path: Assets/DinV/Dynamic Space Background/Sprites/Nebula Aqua-Pink.png
  artifactKey: Guid(d9b31ebd60af68c469212c1a9f513e74) Importer(815301076,1909f56bfc062723c751e8b465ee728b)
Start importing Assets/DinV/Dynamic Space Background/Sprites/Nebula Aqua-Pink.png using Guid(d9b31ebd60af68c469212c1a9f513e74) Importer(815301076,1909f56bfc062723c751e8b465ee728b)  -> (artifact id: 'dd0a831e3dd4b67ecd5b8fe54c32c62a') in 0.177225 seconds
  Import took 0.181130 seconds .

========================================================================
Received Prepare
Registering precompiled user dll's ...
Registered in 0.000811 seconds.
Begin MonoManager ReloadAssembly
Native extension for WindowsStandalone target not found
Native extension for OSXStandalone target not found
Native extension for WebGL target not found
Refreshing native plugins compatible for Editor in 0.47 ms, found 1 plugins.
Preloading 0 native plugins for Editor in 0.00 ms.
Mono: successfully reloaded assembly
- Completed reload, in  0.820 seconds
Platform modules already initialized, skipping
Refreshing native plugins compatible for Editor in 0.53 ms, found 1 plugins.
Preloading 0 native plugins for Editor in 0.00 ms.
Unloading 2123 Unused Serialized files (Serialized files now loaded: 0)
System memory in use before: 99.4 MB.
System memory in use after: 99.4 MB.

Unloading 12 unused Assets to reduce memory usage. Loaded Objects now: 2585.
Total: 3.178800 ms (FindLiveObjects: 0.519700 ms CreateObjectMapping: 0.141300 ms MarkObjects: 2.412700 ms  DeleteObjects: 0.103400 ms)

========================================================================
Received Prepare
Registering precompiled user dll's ...
Registered in 0.000820 seconds.
Begin MonoManager ReloadAssembly
Native extension for WindowsStandalone target not found
Native extension for OSXStandalone target not found
Native extension for WebGL target not found
Refreshing native plugins compatible for Editor in 0.47 ms, found 1 plugins.
Preloading 0 native plugins for Editor in 0.00 ms.
Mono: successfully reloaded assembly
- Completed reload, in  0.821 seconds
Platform modules already initialized, skipping
Refreshing native plugins compatible for Editor in 0.55 ms, found 1 plugins.
Preloading 0 native plugins for Editor in 0.00 ms.
Unloading 2123 Unused Serialized files (Serialized files now loaded: 0)
System memory in use before: 99.5 MB.
System memory in use after: 99.5 MB.

Unloading 12 unused Assets to reduce memory usage. Loaded Objects now: 2589.
Total: 2.737900 ms (FindLiveObjects: 0.427200 ms CreateObjectMapping: 0.060800 ms MarkObjects: 2.109700 ms  DeleteObjects: 0.137000 ms)

========================================================================
Received Prepare
Registering precompiled user dll's ...
Registered in 0.000794 seconds.
Begin MonoManager ReloadAssembly
Native extension for WindowsStandalone target not found
Native extension for OSXStandalone target not found
Native extension for WebGL target not found
Refreshing native plugins compatible for Editor in 0.50 ms, found 1 plugins.
Preloading 0 native plugins for Editor in 0.00 ms.
Mono: successfully reloaded assembly
- Completed reload, in  0.819 seconds
Platform modules already initialized, skipping
Refreshing native plugins compatible for Editor in 0.61 ms, found 1 plugins.
Preloading 0 native plugins for Editor in 0.00 ms.
Unloading 2123 Unused Serialized files (Serialized files now loaded: 0)
System memory in use before: 99.5 MB.
System memory in use after: 99.5 MB.

Unloading 12 unused Assets to reduce memory usage. Loaded Objects now: 2593.
Total: 2.728000 ms (FindLiveObjects: 0.459000 ms CreateObjectMapping: 0.111500 ms MarkObjects: 2.037600 ms  DeleteObjects: 0.117500 ms)

========================================================================
Received Prepare
Registering precompiled user dll's ...
Registered in 0.000785 seconds.
Begin MonoManager ReloadAssembly
Native extension for WindowsStandalone target not found
Native extension for OSXStandalone target not found
Native extension for WebGL target not found
Refreshing native plugins compatible for Editor in 0.56 ms, found 1 plugins.
Preloading 0 native plugins for Editor in 0.00 ms.
Mono: successfully reloaded assembly
- Completed reload, in  0.805 seconds
Platform modules already initialized, skipping
Refreshing native plugins compatible for Editor in 0.51 ms, found 1 plugins.
Preloading 0 native plugins for Editor in 0.00 ms.
Unloading 2123 Unused Serialized files (Serialized files now loaded: 0)
System memory in use before: 99.5 MB.
System memory in use after: 99.5 MB.

Unloading 12 unused Assets to reduce memory usage. Loaded Objects now: 2597.
Total: 3.378500 ms (FindLiveObjects: 0.450000 ms CreateObjectMapping: 0.114100 ms MarkObjects: 2.657300 ms  DeleteObjects: 0.155300 ms)

========================================================================
Received Prepare
Registering precompiled user dll's ...
Registered in 0.000767 seconds.
Begin MonoManager ReloadAssembly
Native extension for WindowsStandalone target not found
Native extension for OSXStandalone target not found
Native extension for WebGL target not found
Refreshing native plugins compatible for Editor in 0.48 ms, found 1 plugins.
Preloading 0 native plugins for Editor in 0.00 ms.
Mono: successfully reloaded assembly
- Completed reload, in  0.786 seconds
Platform modules already initialized, skipping
Refreshing native plugins compatible for Editor in 0.53 ms, found 1 plugins.
Preloading 0 native plugins for Editor in 0.00 ms.
Unloading 2123 Unused Serialized files (Serialized files now loaded: 0)
System memory in use before: 99.5 MB.
System memory in use after: 99.5 MB.

Unloading 12 unused Assets to reduce memory usage. Loaded Objects now: 2601.
Total: 3.242200 ms (FindLiveObjects: 0.347200 ms CreateObjectMapping: 0.111300 ms MarkObjects: 2.664400 ms  DeleteObjects: 0.117800 ms)

========================================================================
Received Prepare
Registering precompiled user dll's ...
Registered in 0.001073 seconds.
Begin MonoManager ReloadAssembly
Native extension for WindowsStandalone target not found
Native extension for OSXStandalone target not found
Native extension for WebGL target not found
Refreshing native plugins compatible for Editor in 0.70 ms, found 1 plugins.
Preloading 0 native plugins for Editor in 0.00 ms.
Mono: successfully reloaded assembly
- Completed reload, in  0.791 seconds
Platform modules already initialized, skipping
Refreshing native plugins compatible for Editor in 0.47 ms, found 1 plugins.
Preloading 0 native plugins for Editor in 0.00 ms.
Unloading 2123 Unused Serialized files (Serialized files now loaded: 0)
System memory in use before: 99.5 MB.
System memory in use after: 99.5 MB.

Unloading 12 unused Assets to reduce memory usage. Loaded Objects now: 2605.
Total: 2.626500 ms (FindLiveObjects: 0.514200 ms CreateObjectMapping: 0.084500 ms MarkObjects: 1.898500 ms  DeleteObjects: 0.127200 ms)

========================================================================
Received Prepare
Registering precompiled user dll's ...
Registered in 0.001294 seconds.
Begin MonoManager ReloadAssembly
Native extension for WindowsStandalone target not found
Native extension for OSXStandalone target not found
Native extension for WebGL target not found
Refreshing native plugins compatible for Editor in 0.47 ms, found 1 plugins.
Preloading 0 native plugins for Editor in 0.00 ms.
Mono: successfully reloaded assembly
- Completed reload, in  0.793 seconds
Platform modules already initialized, skipping
Refreshing native plugins compatible for Editor in 0.48 ms, found 1 plugins.
Preloading 0 native plugins for Editor in 0.00 ms.
Unloading 2123 Unused Serialized files (Serialized files now loaded: 0)
System memory in use before: 99.6 MB.
System memory in use after: 99.5 MB.

Unloading 12 unused Assets to reduce memory usage. Loaded Objects now: 2609.
Total: 3.215800 ms (FindLiveObjects: 0.471300 ms CreateObjectMapping: 0.096700 ms MarkObjects: 2.522800 ms  DeleteObjects: 0.123100 ms)

========================================================================
Received Prepare
Registering precompiled user dll's ...
Registered in 0.000864 seconds.
Begin MonoManager ReloadAssembly
Native extension for WindowsStandalone target not found
Native extension for OSXStandalone target not found
Native extension for WebGL target not found
Refreshing native plugins compatible for Editor in 0.45 ms, found 1 plugins.
Preloading 0 native plugins for Editor in 0.00 ms.
Mono: successfully reloaded assembly
- Completed reload, in  0.782 seconds
Platform modules already initialized, skipping
Refreshing native plugins compatible for Editor in 0.51 ms, found 1 plugins.
Preloading 0 native plugins for Editor in 0.00 ms.
Unloading 2123 Unused Serialized files (Serialized files now loaded: 0)
System memory in use before: 99.6 MB.
System memory in use after: 99.5 MB.

Unloading 12 unused Assets to reduce memory usage. Loaded Objects now: 2613.
Total: 3.234400 ms (FindLiveObjects: 0.547900 ms CreateObjectMapping: 0.141400 ms MarkObjects: 2.395600 ms  DeleteObjects: 0.148000 ms)

========================================================================
Received Prepare
Registering precompiled user dll's ...
Registered in 0.000825 seconds.
Begin MonoManager ReloadAssembly
Native extension for WindowsStandalone target not found
Native extension for OSXStandalone target not found
Native extension for WebGL target not found
Refreshing native plugins compatible for Editor in 0.44 ms, found 1 plugins.
Preloading 0 native plugins for Editor in 0.00 ms.
Mono: successfully reloaded assembly
- Completed reload, in  0.780 seconds
Platform modules already initialized, skipping
Refreshing native plugins compatible for Editor in 0.45 ms, found 1 plugins.
Preloading 0 native plugins for Editor in 0.00 ms.
Unloading 2123 Unused Serialized files (Serialized files now loaded: 0)
System memory in use before: 99.6 MB.
System memory in use after: 99.6 MB.

Unloading 12 unused Assets to reduce memory usage. Loaded Objects now: 2617.
Total: 3.552800 ms (FindLiveObjects: 0.551100 ms CreateObjectMapping: 0.069600 ms MarkObjects: 2.788700 ms  DeleteObjects: 0.139600 ms)

========================================================================
Received Import Request.
  Time since last request: 1372.501366 seconds.
  path: Assets/Prefabs/MyPrefabs
  artifactKey: Guid(78199f04478fbc44da1c59d0a905d7cf) Importer(815301076,1909f56bfc062723c751e8b465ee728b)
Start importing Assets/Prefabs/MyPrefabs using Guid(78199f04478fbc44da1c59d0a905d7cf) Importer(815301076,1909f56bfc062723c751e8b465ee728b)  -> (artifact id: '7594ca5bf3ba8073a385dff9006180c2') in 0.014138 seconds
  Import took 0.020050 seconds .

========================================================================
Received Prepare
Registering precompiled user dll's ...
Registered in 0.000838 seconds.
Begin MonoManager ReloadAssembly
Native extension for WindowsStandalone target not found
Native extension for OSXStandalone target not found
Native extension for WebGL target not found
Refreshing native plugins compatible for Editor in 0.45 ms, found 1 plugins.
Preloading 0 native plugins for Editor in 0.00 ms.
Mono: successfully reloaded assembly
- Completed reload, in  0.794 seconds
Platform modules already initialized, skipping
Refreshing native plugins compatible for Editor in 0.49 ms, found 1 plugins.
Preloading 0 native plugins for Editor in 0.00 ms.
Unloading 2123 Unused Serialized files (Serialized files now loaded: 0)
System memory in use before: 99.6 MB.
System memory in use after: 99.6 MB.

Unloading 12 unused Assets to reduce memory usage. Loaded Objects now: 2621.
Total: 2.814800 ms (FindLiveObjects: 0.355700 ms CreateObjectMapping: 0.062300 ms MarkObjects: 2.263500 ms  DeleteObjects: 0.131700 ms)

========================================================================
Received Prepare
Registering precompiled user dll's ...
Registered in 0.001203 seconds.
Begin MonoManager ReloadAssembly
Native extension for WindowsStandalone target not found
Native extension for OSXStandalone target not found
Native extension for WebGL target not found
Refreshing native plugins compatible for Editor in 0.45 ms, found 1 plugins.
Preloading 0 native plugins for Editor in 0.00 ms.
Mono: successfully reloaded assembly
- Completed reload, in  0.784 seconds
Platform modules already initialized, skipping
Refreshing native plugins compatible for Editor in 0.48 ms, found 1 plugins.
Preloading 0 native plugins for Editor in 0.00 ms.
Unloading 2123 Unused Serialized files (Serialized files now loaded: 0)
System memory in use before: 99.6 MB.
System memory in use after: 99.6 MB.

Unloading 12 unused Assets to reduce memory usage. Loaded Objects now: 2625.
Total: 2.890700 ms (FindLiveObjects: 0.396000 ms CreateObjectMapping: 0.127500 ms MarkObjects: 2.240600 ms  DeleteObjects: 0.124900 ms)

========================================================================
Received Prepare
Registering precompiled user dll's ...
Registered in 0.000855 seconds.
Begin MonoManager ReloadAssembly
Native extension for WindowsStandalone target not found
Native extension for OSXStandalone target not found
Native extension for WebGL target not found
Refreshing native plugins compatible for Editor in 0.48 ms, found 1 plugins.
Preloading 0 native plugins for Editor in 0.00 ms.
Mono: successfully reloaded assembly
- Completed reload, in  0.806 seconds
Platform modules already initialized, skipping
Refreshing native plugins compatible for Editor in 0.58 ms, found 1 plugins.
Preloading 0 native plugins for Editor in 0.00 ms.
Unloading 2123 Unused Serialized files (Serialized files now loaded: 0)
System memory in use before: 99.6 MB.
System memory in use after: 99.6 MB.

Unloading 12 unused Assets to reduce memory usage. Loaded Objects now: 2629.
Total: 3.488700 ms (FindLiveObjects: 0.497700 ms CreateObjectMapping: 0.117800 ms MarkObjects: 2.743000 ms  DeleteObjects: 0.128200 ms)

========================================================================
Received Prepare
Registering precompiled user dll's ...
Registered in 0.000812 seconds.
Begin MonoManager ReloadAssembly
Native extension for WindowsStandalone target not found
Native extension for OSXStandalone target not found
Native extension for WebGL target not found
Refreshing native plugins compatible for Editor in 0.48 ms, found 1 plugins.
Preloading 0 native plugins for Editor in 0.00 ms.
Mono: successfully reloaded assembly
- Completed reload, in  0.787 seconds
Platform modules already initialized, skipping
Refreshing native plugins compatible for Editor in 0.65 ms, found 1 plugins.
Preloading 0 native plugins for Editor in 0.00 ms.
Unloading 2123 Unused Serialized files (Serialized files now loaded: 0)
System memory in use before: 99.6 MB.
System memory in use after: 99.6 MB.

Unloading 12 unused Assets to reduce memory usage. Loaded Objects now: 2633.
Total: 3.207700 ms (FindLiveObjects: 0.366300 ms CreateObjectMapping: 0.100400 ms MarkObjects: 2.608400 ms  DeleteObjects: 0.130800 ms)

========================================================================
Received Prepare
Registering precompiled user dll's ...
Registered in 0.000953 seconds.
Begin MonoManager ReloadAssembly
Native extension for WindowsStandalone target not found
Native extension for OSXStandalone target not found
Native extension for WebGL target not found
Refreshing native plugins compatible for Editor in 0.51 ms, found 1 plugins.
Preloading 0 native plugins for Editor in 0.00 ms.
Mono: successfully reloaded assembly
- Completed reload, in  0.774 seconds
Platform modules already initialized, skipping
Refreshing native plugins compatible for Editor in 0.48 ms, found 1 plugins.
Preloading 0 native plugins for Editor in 0.00 ms.
Unloading 2123 Unused Serialized files (Serialized files now loaded: 0)
System memory in use before: 99.6 MB.
System memory in use after: 99.6 MB.

Unloading 12 unused Assets to reduce memory usage. Loaded Objects now: 2637.
Total: 2.947300 ms (FindLiveObjects: 0.427400 ms CreateObjectMapping: 0.125200 ms MarkObjects: 2.262000 ms  DeleteObjects: 0.130900 ms)

========================================================================
Received Prepare
Registering precompiled user dll's ...
Registered in 0.000956 seconds.
Begin MonoManager ReloadAssembly
Native extension for WindowsStandalone target not found
Native extension for OSXStandalone target not found
Native extension for WebGL target not found
Refreshing native plugins compatible for Editor in 0.46 ms, found 1 plugins.
Preloading 0 native plugins for Editor in 0.00 ms.
Mono: successfully reloaded assembly
- Completed reload, in  0.802 seconds
Platform modules already initialized, skipping
Refreshing native plugins compatible for Editor in 0.72 ms, found 1 plugins.
Preloading 0 native plugins for Editor in 0.00 ms.
Unloading 2123 Unused Serialized files (Serialized files now loaded: 0)
System memory in use before: 99.6 MB.
System memory in use after: 99.6 MB.

Unloading 12 unused Assets to reduce memory usage. Loaded Objects now: 2641.
Total: 2.790300 ms (FindLiveObjects: 0.461400 ms CreateObjectMapping: 0.105200 ms MarkObjects: 2.100500 ms  DeleteObjects: 0.121700 ms)

========================================================================
Received Prepare
Registering precompiled user dll's ...
Registered in 0.000815 seconds.
Begin MonoManager ReloadAssembly
Native extension for WindowsStandalone target not found
Native extension for OSXStandalone target not found
Native extension for WebGL target not found
Refreshing native plugins compatible for Editor in 0.50 ms, found 1 plugins.
Preloading 0 native plugins for Editor in 0.00 ms.
Mono: successfully reloaded assembly
- Completed reload, in  0.802 seconds
Platform modules already initialized, skipping
Refreshing native plugins compatible for Editor in 0.75 ms, found 1 plugins.
Preloading 0 native plugins for Editor in 0.00 ms.
Unloading 2123 Unused Serialized files (Serialized files now loaded: 0)
System memory in use before: 99.6 MB.
System memory in use after: 99.6 MB.

Unloading 12 unused Assets to reduce memory usage. Loaded Objects now: 2645.
Total: 3.380000 ms (FindLiveObjects: 0.628600 ms CreateObjectMapping: 0.127200 ms MarkObjects: 2.473200 ms  DeleteObjects: 0.149200 ms)

========================================================================
Received Prepare
Registering precompiled user dll's ...
Registered in 0.000872 seconds.
Begin MonoManager ReloadAssembly
Native extension for WindowsStandalone target not found
Native extension for OSXStandalone target not found
Native extension for WebGL target not found
Refreshing native plugins compatible for Editor in 0.70 ms, found 1 plugins.
Preloading 0 native plugins for Editor in 0.00 ms.
Mono: successfully reloaded assembly
- Completed reload, in  0.768 seconds
Platform modules already initialized, skipping
Refreshing native plugins compatible for Editor in 0.51 ms, found 1 plugins.
Preloading 0 native plugins for Editor in 0.00 ms.
Unloading 2123 Unused Serialized files (Serialized files now loaded: 0)
System memory in use before: 99.7 MB.
System memory in use after: 99.6 MB.

Unloading 12 unused Assets to reduce memory usage. Loaded Objects now: 2649.
Total: 2.327700 ms (FindLiveObjects: 0.297500 ms CreateObjectMapping: 0.055100 ms MarkObjects: 1.857500 ms  DeleteObjects: 0.116200 ms)

========================================================================
Received Import Request.
  Time since last request: 1243.204115 seconds.
  path: Assets/Scenes/Level2.unity
  artifactKey: Guid(5d1b2e0e27a822044b052e2f7c3d9590) Importer(815301076,1909f56bfc062723c751e8b465ee728b)
Start importing Assets/Scenes/Level2.unity using Guid(5d1b2e0e27a822044b052e2f7c3d9590) Importer(815301076,1909f56bfc062723c751e8b465ee728b)  -> (artifact id: 'af0bc7244d76d1c9aa017bafb8508176') in 0.021077 seconds
  Import took 0.026702 seconds .

========================================================================
Received Import Request.
  Time since last request: 25.707396 seconds.
  path: Assets/Prefabs/MyPrefabs/StraightShooter Variant.prefab
  artifactKey: Guid(3667021e1318ced41ad94bef8e2f674c) Importer(815301076,1909f56bfc062723c751e8b465ee728b)
Start importing Assets/Prefabs/MyPrefabs/StraightShooter Variant.prefab using Guid(3667021e1318ced41ad94bef8e2f674c) Importer(815301076,1909f56bfc062723c751e8b465ee728b)  -> (artifact id: 'b445174074beeed18d6465152b339be4') in 0.079498 seconds
  Import took 0.085025 seconds .

========================================================================
Received Import Request.
  Time since last request: 27.704084 seconds.
  path: Assets/Prefabs/MyPrefabs/ChaserEnemy (1) Variant.prefab
  artifactKey: Guid(41a5f49aff8b7eb4598ec4e02e4ebc87) Importer(815301076,1909f56bfc062723c751e8b465ee728b)
Start importing Assets/Prefabs/MyPrefabs/ChaserEnemy (1) Variant.prefab using Guid(41a5f49aff8b7eb4598ec4e02e4ebc87) Importer(815301076,1909f56bfc062723c751e8b465ee728b)  -> (artifact id: '04a258c7a1fb0aa6e93a6b5231fe82b7') in 0.019291 seconds
  Import took 0.023823 seconds .

========================================================================
Received Import Request.
  Time since last request: 11.822356 seconds.
  path: Assets/Scenes/Level3.unity
  artifactKey: Guid(2f08f03532644154eb0a1a65b8c79aed) Importer(815301076,1909f56bfc062723c751e8b465ee728b)
Start importing Assets/Scenes/Level3.unity using Guid(2f08f03532644154eb0a1a65b8c79aed) Importer(815301076,1909f56bfc062723c751e8b465ee728b)  -> (artifact id: '7da92ccbeb1820cc162986d44e804891') in 0.010579 seconds
  Import took 0.014905 seconds .

========================================================================
Received Import Request.
  Time since last request: 796.516354 seconds.
  path: Assets/Prefabs/MyPrefabs/Other package.unitypackage
  artifactKey: Guid(4c73247ea52b79f4a8cb5bcd426404f6) Importer(815301076,1909f56bfc062723c751e8b465ee728b)
Start importing Assets/Prefabs/MyPrefabs/Other package.unitypackage using Guid(4c73247ea52b79f4a8cb5bcd426404f6) Importer(815301076,1909f56bfc062723c751e8b465ee728b)  -> (artifact id: 'cd58b49bc38e205f2b699298c8442c33') in 0.014800 seconds
  Import took 0.020252 seconds .

========================================================================
Received Import Request.
  Time since last request: 121.045366 seconds.
  path: Assets/Space Shooter Template FREE
  artifactKey: Guid(fcb1b01bb2c2b104ea6187315bc1b5c6) Importer(815301076,1909f56bfc062723c751e8b465ee728b)
Start importing Assets/Space Shooter Template FREE using Guid(fcb1b01bb2c2b104ea6187315bc1b5c6) Importer(815301076,1909f56bfc062723c751e8b465ee728b)  -> (artifact id: 'f3d90fa1f3b79dca2a153478932917c6') in 0.003465 seconds
  Import took 0.008004 seconds .

========================================================================
Received Import Request.
  Time since last request: 158.943561 seconds.
  path: Assets/Art/Environment/Planets/Small
  artifactKey: Guid(95536a7818ba16946be2f3f50a2c00d9) Importer(815301076,1909f56bfc062723c751e8b465ee728b)
Start importing Assets/Art/Environment/Planets/Small using Guid(95536a7818ba16946be2f3f50a2c00d9) Importer(815301076,1909f56bfc062723c751e8b465ee728b)  -> (artifact id: 'd1146e794b038cfe8747fa984e9698ae') in 0.010103 seconds
  Import took 0.015076 seconds .

========================================================================
Received Prepare
Registering precompiled user dll's ...
Registered in 0.001199 seconds.
Begin MonoManager ReloadAssembly
Native extension for WindowsStandalone target not found
Native extension for OSXStandalone target not found
Native extension for WebGL target not found
Refreshing native plugins compatible for Editor in 0.52 ms, found 1 plugins.
Preloading 0 native plugins for Editor in 0.00 ms.
Mono: successfully reloaded assembly
- Completed reload, in  0.793 seconds
Platform modules already initialized, skipping
Refreshing native plugins compatible for Editor in 0.58 ms, found 1 plugins.
Preloading 0 native plugins for Editor in 0.00 ms.
Unloading 2123 Unused Serialized files (Serialized files now loaded: 0)
System memory in use before: 100.4 MB.
System memory in use after: 100.4 MB.

Unloading 12 unused Assets to reduce memory usage. Loaded Objects now: 2658.
Total: 3.208100 ms (FindLiveObjects: 0.511100 ms CreateObjectMapping: 0.101900 ms MarkObjects: 2.456800 ms  DeleteObjects: 0.136700 ms)

========================================================================
Received Prepare
Registering precompiled user dll's ...
Registered in 0.001438 seconds.
Begin MonoManager ReloadAssembly
Native extension for WindowsStandalone target not found
Native extension for OSXStandalone target not found
Native extension for WebGL target not found
Refreshing native plugins compatible for Editor in 0.45 ms, found 1 plugins.
Preloading 0 native plugins for Editor in 0.00 ms.
Mono: successfully reloaded assembly
- Completed reload, in  0.785 seconds
Platform modules already initialized, skipping
Refreshing native plugins compatible for Editor in 0.62 ms, found 1 plugins.
Preloading 0 native plugins for Editor in 0.00 ms.
Unloading 2123 Unused Serialized files (Serialized files now loaded: 0)
System memory in use before: 100.4 MB.
System memory in use after: 100.4 MB.

Unloading 12 unused Assets to reduce memory usage. Loaded Objects now: 2662.
Total: 3.008200 ms (FindLiveObjects: 0.311500 ms CreateObjectMapping: 0.059600 ms MarkObjects: 2.485900 ms  DeleteObjects: 0.149800 ms)

========================================================================
Received Prepare
Registering precompiled user dll's ...
Registered in 0.001176 seconds.
Begin MonoManager ReloadAssembly
Native extension for WindowsStandalone target not found
Native extension for OSXStandalone target not found
Native extension for WebGL target not found
Refreshing native plugins compatible for Editor in 0.47 ms, found 1 plugins.
Preloading 0 native plugins for Editor in 0.00 ms.
Mono: successfully reloaded assembly
- Completed reload, in  0.793 seconds
Platform modules already initialized, skipping
Refreshing native plugins compatible for Editor in 0.49 ms, found 1 plugins.
Preloading 0 native plugins for Editor in 0.00 ms.
Unloading 2123 Unused Serialized files (Serialized files now loaded: 0)
System memory in use before: 100.4 MB.
System memory in use after: 100.4 MB.

Unloading 12 unused Assets to reduce memory usage. Loaded Objects now: 2666.
Total: 2.693300 ms (FindLiveObjects: 0.377800 ms CreateObjectMapping: 0.110200 ms MarkObjects: 2.083200 ms  DeleteObjects: 0.120200 ms)

========================================================================
Received Prepare
Registering precompiled user dll's ...
Registered in 0.001091 seconds.
Begin MonoManager ReloadAssembly
Native extension for WindowsStandalone target not found
Native extension for OSXStandalone target not found
Native extension for WebGL target not found
Refreshing native plugins compatible for Editor in 0.52 ms, found 1 plugins.
Preloading 0 native plugins for Editor in 0.00 ms.
Mono: successfully reloaded assembly
- Completed reload, in  0.796 seconds
Platform modules already initialized, skipping
Refreshing native plugins compatible for Editor in 0.80 ms, found 1 plugins.
Preloading 0 native plugins for Editor in 0.00 ms.
Unloading 2123 Unused Serialized files (Serialized files now loaded: 0)
System memory in use before: 100.4 MB.
System memory in use after: 100.4 MB.

Unloading 12 unused Assets to reduce memory usage. Loaded Objects now: 2670.
Total: 2.933800 ms (FindLiveObjects: 0.388900 ms CreateObjectMapping: 0.112000 ms MarkObjects: 2.306300 ms  DeleteObjects: 0.125000 ms)

========================================================================
Received Prepare
Registering precompiled user dll's ...
Registered in 0.000817 seconds.
Begin MonoManager ReloadAssembly
Native extension for WindowsStandalone target not found
Native extension for OSXStandalone target not found
Native extension for WebGL target not found
Refreshing native plugins compatible for Editor in 0.57 ms, found 1 plugins.
Preloading 0 native plugins for Editor in 0.00 ms.
Mono: successfully reloaded assembly
- Completed reload, in  0.773 seconds
Platform modules already initialized, skipping
Refreshing native plugins compatible for Editor in 0.46 ms, found 1 plugins.
Preloading 0 native plugins for Editor in 0.00 ms.
Unloading 2123 Unused Serialized files (Serialized files now loaded: 0)
System memory in use before: 100.4 MB.
System memory in use after: 100.4 MB.

Unloading 12 unused Assets to reduce memory usage. Loaded Objects now: 2674.
Total: 3.387100 ms (FindLiveObjects: 0.570400 ms CreateObjectMapping: 0.174900 ms MarkObjects: 2.512000 ms  DeleteObjects: 0.127800 ms)

========================================================================
Received Import Request.
  Time since last request: 1301.559832 seconds.
  path: Assets/Scenes/InfiniteLevel.unity
  artifactKey: Guid(c996f915b8ba21d44994c1445890d1ce) Importer(815301076,1909f56bfc062723c751e8b465ee728b)
Start importing Assets/Scenes/InfiniteLevel.unity using Guid(c996f915b8ba21d44994c1445890d1ce) Importer(815301076,1909f56bfc062723c751e8b465ee728b)  -> (artifact id: 'd4fee2adae65a66c8dbe297a6bcd1fe7') in 0.021180 seconds
  Import took 0.025798 seconds .

========================================================================
Received Prepare
Registering precompiled user dll's ...
Registered in 0.001224 seconds.
Begin MonoManager ReloadAssembly
Native extension for WindowsStandalone target not found
Native extension for OSXStandalone target not found
Native extension for WebGL target not found
Refreshing native plugins compatible for Editor in 0.48 ms, found 1 plugins.
Preloading 0 native plugins for Editor in 0.00 ms.
Mono: successfully reloaded assembly
- Completed reload, in  0.774 seconds
Platform modules already initialized, skipping
Refreshing native plugins compatible for Editor in 0.46 ms, found 1 plugins.
Preloading 0 native plugins for Editor in 0.00 ms.
Unloading 2123 Unused Serialized files (Serialized files now loaded: 0)
System memory in use before: 100.4 MB.
System memory in use after: 100.4 MB.

Unloading 12 unused Assets to reduce memory usage. Loaded Objects now: 2678.
Total: 2.790900 ms (FindLiveObjects: 0.393200 ms CreateObjectMapping: 0.056900 ms MarkObjects: 2.223100 ms  DeleteObjects: 0.115700 ms)

========================================================================
Received Import Request.
  Time since last request: 164.956707 seconds.
  path: Assets/Prefabs/MyPrefabs/DinV
  artifactKey: Guid(74a3e8050c984d64bab49da29fa78450) Importer(815301076,1909f56bfc062723c751e8b465ee728b)
Start importing Assets/Prefabs/MyPrefabs/DinV using Guid(74a3e8050c984d64bab49da29fa78450) Importer(815301076,1909f56bfc062723c751e8b465ee728b)  -> (artifact id: '9945fc9bde6539b96c3bd525aceafe25') in 0.012620 seconds
  Import took 0.018433 seconds .

========================================================================
Received Import Request.
  Time since last request: 3.718471 seconds.
  path: Assets/Prefabs/MyPrefabs/DinV/Dynamic Space Background
  artifactKey: Guid(cfbbfb20b2395ec48ba47f1f035266d3) Importer(815301076,1909f56bfc062723c751e8b465ee728b)
Start importing Assets/Prefabs/MyPrefabs/DinV/Dynamic Space Background using Guid(cfbbfb20b2395ec48ba47f1f035266d3) Importer(815301076,1909f56bfc062723c751e8b465ee728b)  -> (artifact id: '2fb8c8647ecc3ef38a553b27d353bcb0') in 0.010524 seconds
  Import took 0.017074 seconds .

========================================================================
Received Import Request.
  Time since last request: 11.158984 seconds.
  path: Assets/Prefabs/MyPrefabs/DinV/Dynamic Space Background/Sprites/Nebula Red.png
  artifactKey: Guid(35313af049b4a2f42a0325330c51d74a) Importer(815301076,1909f56bfc062723c751e8b465ee728b)
Start importing Assets/Prefabs/MyPrefabs/DinV/Dynamic Space Background/Sprites/Nebula Red.png using Guid(35313af049b4a2f42a0325330c51d74a) Importer(815301076,1909f56bfc062723c751e8b465ee728b)  -> (artifact id: 'fd83b7126f7ffe1f741935932df670e5') in 0.102411 seconds
  Import took 0.110381 seconds .

========================================================================
Received Prepare
Registering precompiled user dll's ...
Registered in 0.000809 seconds.
Begin MonoManager ReloadAssembly
Native extension for WindowsStandalone target not found
Native extension for OSXStandalone target not found
Native extension for WebGL target not found
Refreshing native plugins compatible for Editor in 0.65 ms, found 1 plugins.
Preloading 0 native plugins for Editor in 0.00 ms.
Mono: successfully reloaded assembly
- Completed reload, in  0.784 seconds
Platform modules already initialized, skipping
Refreshing native plugins compatible for Editor in 0.56 ms, found 1 plugins.
Preloading 0 native plugins for Editor in 0.00 ms.
Unloading 2123 Unused Serialized files (Serialized files now loaded: 0)
System memory in use before: 100.5 MB.
System memory in use after: 100.4 MB.

Unloading 12 unused Assets to reduce memory usage. Loaded Objects now: 2683.
Total: 3.483000 ms (FindLiveObjects: 0.552900 ms CreateObjectMapping: 0.141600 ms MarkObjects: 2.646800 ms  DeleteObjects: 0.138900 ms)

========================================================================
Received Prepare
Registering precompiled user dll's ...
Registered in 0.000755 seconds.
Begin MonoManager ReloadAssembly
Native extension for WindowsStandalone target not found
Native extension for OSXStandalone target not found
Native extension for WebGL target not found
Refreshing native plugins compatible for Editor in 0.56 ms, found 1 plugins.
Preloading 0 native plugins for Editor in 0.00 ms.
Mono: successfully reloaded assembly
- Completed reload, in  0.797 seconds
Platform modules already initialized, skipping
Refreshing native plugins compatible for Editor in 0.65 ms, found 1 plugins.
Preloading 0 native plugins for Editor in 0.00 ms.
Unloading 2123 Unused Serialized files (Serialized files now loaded: 0)
System memory in use before: 100.5 MB.
System memory in use after: 100.5 MB.

Unloading 12 unused Assets to reduce memory usage. Loaded Objects now: 2687.
Total: 2.842400 ms (FindLiveObjects: 0.479500 ms CreateObjectMapping: 0.074500 ms MarkObjects: 2.156700 ms  DeleteObjects: 0.129700 ms)

========================================================================
Received Prepare
Registering precompiled user dll's ...
Registered in 0.000766 seconds.
Begin MonoManager ReloadAssembly
Native extension for WindowsStandalone target not found
Native extension for OSXStandalone target not found
Native extension for WebGL target not found
Refreshing native plugins compatible for Editor in 0.48 ms, found 1 plugins.
Preloading 0 native plugins for Editor in 0.00 ms.
Mono: successfully reloaded assembly
- Completed reload, in  0.800 seconds
Platform modules already initialized, skipping
Refreshing native plugins compatible for Editor in 0.50 ms, found 1 plugins.
Preloading 0 native plugins for Editor in 0.00 ms.
Unloading 2123 Unused Serialized files (Serialized files now loaded: 0)
System memory in use before: 100.5 MB.
System memory in use after: 100.5 MB.

Unloading 12 unused Assets to reduce memory usage. Loaded Objects now: 2691.
Total: 3.119300 ms (FindLiveObjects: 0.404600 ms CreateObjectMapping: 0.061600 ms MarkObjects: 2.515700 ms  DeleteObjects: 0.135400 ms)

========================================================================
Received Prepare
Registering precompiled user dll's ...
Registered in 0.000905 seconds.
Begin MonoManager ReloadAssembly
Native extension for WindowsStandalone target not found
Native extension for OSXStandalone target not found
Native extension for WebGL target not found
Refreshing native plugins compatible for Editor in 0.49 ms, found 1 plugins.
Preloading 0 native plugins for Editor in 0.00 ms.
Mono: successfully reloaded assembly
- Completed reload, in  0.793 seconds
Platform modules already initialized, skipping
Refreshing native plugins compatible for Editor in 0.46 ms, found 1 plugins.
Preloading 0 native plugins for Editor in 0.00 ms.
Unloading 2123 Unused Serialized files (Serialized files now loaded: 0)
System memory in use before: 100.5 MB.
System memory in use after: 100.5 MB.

Unloading 12 unused Assets to reduce memory usage. Loaded Objects now: 2695.
Total: 3.090100 ms (FindLiveObjects: 0.593400 ms CreateObjectMapping: 0.061100 ms MarkObjects: 2.319600 ms  DeleteObjects: 0.114400 ms)

========================================================================
Received Import Request.
  Time since last request: 365.552006 seconds.
  path: Assets/Scenes/MainMenu.unity
  artifactKey: Guid(6ccfbcc423958224d9bd8d0ba51badbe) Importer(815301076,1909f56bfc062723c751e8b465ee728b)
Start importing Assets/Scenes/MainMenu.unity using Guid(6ccfbcc423958224d9bd8d0ba51badbe) Importer(815301076,1909f56bfc062723c751e8b465ee728b)  -> (artifact id: '8584a257d07d7f1bd7d89b2999a56e43') in 0.021539 seconds
  Import took 0.027171 seconds .

========================================================================
Received Prepare
Registering precompiled user dll's ...
Registered in 0.000813 seconds.
Begin MonoManager ReloadAssembly
Native extension for WindowsStandalone target not found
Native extension for OSXStandalone target not found
Native extension for WebGL target not found
Refreshing native plugins compatible for Editor in 0.51 ms, found 1 plugins.
Preloading 0 native plugins for Editor in 0.00 ms.
Mono: successfully reloaded assembly
- Completed reload, in  0.792 seconds
Platform modules already initialized, skipping
Refreshing native plugins compatible for Editor in 0.51 ms, found 1 plugins.
Preloading 0 native plugins for Editor in 0.00 ms.
Unloading 2123 Unused Serialized files (Serialized files now loaded: 0)
System memory in use before: 100.5 MB.
System memory in use after: 100.5 MB.

Unloading 12 unused Assets to reduce memory usage. Loaded Objects now: 2699.
Total: 2.454600 ms (FindLiveObjects: 0.372500 ms CreateObjectMapping: 0.054200 ms MarkObjects: 1.910200 ms  DeleteObjects: 0.115900 ms)

========================================================================
Received Import Request.
  Time since last request: 369.900940 seconds.
  path: Assets/Prefabs/MyPrefabs/icon.jpg
  artifactKey: Guid(51b31f8aa67d6fc46949f6b5ec453d37) Importer(815301076,1909f56bfc062723c751e8b465ee728b)
Start importing Assets/Prefabs/MyPrefabs/icon.jpg using Guid(51b31f8aa67d6fc46949f6b5ec453d37) Importer(815301076,1909f56bfc062723c751e8b465ee728b)  -> (artifact id: 'aa24de0b1fa620b28f6632800db6dc33') in 0.063935 seconds
  Import took 0.068383 seconds .

========================================================================
Received Import Request.
  Time since last request: 0.000309 seconds.
  path: Assets/Art/Reticles/Reticle3.png
  artifactKey: Guid(ed4e900122b637b46a50862e4ce957d6) Importer(815301076,1909f56bfc062723c751e8b465ee728b)
Start importing Assets/Art/Reticles/Reticle3.png using Guid(ed4e900122b637b46a50862e4ce957d6) Importer(815301076,1909f56bfc062723c751e8b465ee728b)  -> (artifact id: '5cd6371cb9b856a2d8ffca5bd3c33e54') in 0.013085 seconds
  Import took 0.017233 seconds .

========================================================================
Received Import Request.
  Time since last request: 0.000334 seconds.
  path: Assets/Art/Reticles/Reticle5.png
  artifactKey: Guid(645233c1f815a024f84d4f4bbb2881b5) Importer(815301076,1909f56bfc062723c751e8b465ee728b)
Start importing Assets/Art/Reticles/Reticle5.png using Guid(645233c1f815a024f84d4f4bbb2881b5) Importer(815301076,1909f56bfc062723c751e8b465ee728b)  -> (artifact id: '219093f6ae2ec7fbc0eda1ec4686d5ba') in 0.019918 seconds
  Import took 0.024847 seconds .

========================================================================
Received Import Request.
  Time since last request: 0.000320 seconds.
  path: Assets/Art/Reticles/Reticle.png
  artifactKey: Guid(d81297a2aaccf054f98b14b38ef43bef) Importer(815301076,1909f56bfc062723c751e8b465ee728b)
Start importing Assets/Art/Reticles/Reticle.png using Guid(d81297a2aaccf054f98b14b38ef43bef) Importer(815301076,1909f56bfc062723c751e8b465ee728b)  -> (artifact id: '0bbe3f10240f63be3bb7b35a93e65e17') in 0.028816 seconds
  Import took 0.033959 seconds .

========================================================================
Received Import Request.
  Time since last request: 0.000269 seconds.
  path: Assets/Art/Reticles/Reticle2.png
  artifactKey: Guid(95b9d0d94eae75542a0b7a37ed8ca473) Importer(815301076,1909f56bfc062723c751e8b465ee728b)
Start importing Assets/Art/Reticles/Reticle2.png using Guid(95b9d0d94eae75542a0b7a37ed8ca473) Importer(815301076,1909f56bfc062723c751e8b465ee728b)  -> (artifact id: '1d655104c293bc6bf989581e5020916c') in 0.021673 seconds
  Import took 0.026741 seconds .

========================================================================
Received Import Request.
  Time since last request: 0.000260 seconds.
  path: Assets/Art/Reticles/Reticle4.png
  artifactKey: Guid(37394102527191243b26bf5a6930b795) Importer(815301076,1909f56bfc062723c751e8b465ee728b)
Start importing Assets/Art/Reticles/Reticle4.png using Guid(37394102527191243b26bf5a6930b795) Importer(815301076,1909f56bfc062723c751e8b465ee728b)  -> (artifact id: 'fd46d2e9505a76a22336aabf5c3ecd0e') in 0.021792 seconds
  Import took 0.026129 seconds .

========================================================================
Received Import Request.
  Time since last request: 0.000487 seconds.
  path: Assets/Art/Reticles/Reticle1.png
  artifactKey: Guid(9040cdfc720ce554c96fdaf7a6579e56) Importer(815301076,1909f56bfc062723c751e8b465ee728b)
Start importing Assets/Art/Reticles/Reticle1.png using Guid(9040cdfc720ce554c96fdaf7a6579e56) Importer(815301076,1909f56bfc062723c751e8b465ee728b)  -> (artifact id: 'bc3b34042c140139b4309f58567c69db') in 0.020608 seconds
  Import took 0.024620 seconds .

========================================================================
Received Import Request.
  Time since last request: 1208.945877 seconds.
  path: Assets/Prefabs/MyPrefabs/1632473279345 6.png
  artifactKey: Guid(9661558908eb23e4dac099fd630d95de) Importer(815301076,1909f56bfc062723c751e8b465ee728b)
Start importing Assets/Prefabs/MyPrefabs/1632473279345 6.png using Guid(9661558908eb23e4dac099fd630d95de) Importer(815301076,1909f56bfc062723c751e8b465ee728b)  -> (artifact id: '1f5ad802017b4510ddd3335a4b8baef6') in 0.022563 seconds
  Import took 0.026917 seconds .

========================================================================
Received Import Request.
  Time since last request: 0.020493 seconds.
  path: Assets/Prefabs/MyPrefabs/1632473279345 6.png
  artifactKey: Guid(9661558908eb23e4dac099fd630d95de) Importer(815301076,1909f56bfc062723c751e8b465ee728b)
Start importing Assets/Prefabs/MyPrefabs/1632473279345 6.png using Guid(9661558908eb23e4dac099fd630d95de) Importer(815301076,1909f56bfc062723c751e8b465ee728b)  -> (artifact id: '1f5ad802017b4510ddd3335a4b8baef6') in 0.016235 seconds
  Import took 0.020504 seconds .

========================================================================
Received Import Request.
  Time since last request: 559.672975 seconds.
  path: Assets/Prefabs/MyPrefabs/1632473279345 6.png
  artifactKey: Guid(9661558908eb23e4dac099fd630d95de) Importer(815301076,1909f56bfc062723c751e8b465ee728b)
Start importing Assets/Prefabs/MyPrefabs/1632473279345 6.png using Guid(9661558908eb23e4dac099fd630d95de) Importer(815301076,1909f56bfc062723c751e8b465ee728b)  -> (artifact id: 'ce63de5465d55028ad6544c68e14ec5b') in 0.017798 seconds
  Import took 0.022241 seconds .

========================================================================
Received Import Request.
  Time since last request: 38.404097 seconds.
  path: Assets/Prefabs/MyPrefabs/1632473279345 6.png
  artifactKey: Guid(9661558908eb23e4dac099fd630d95de) Importer(815301076,1909f56bfc062723c751e8b465ee728b)
Start importing Assets/Prefabs/MyPrefabs/1632473279345 6.png using Guid(9661558908eb23e4dac099fd630d95de) Importer(815301076,1909f56bfc062723c751e8b465ee728b)  -> (artifact id: 'd34cac57a8211aee67016b9598afeb0c') in 0.019897 seconds
  Import took 0.024407 seconds .

========================================================================
Received Import Request.
  Time since last request: 545.076561 seconds.
  path: Assets/1632473279345.png
  artifactKey: Guid(cab59a92766ad434392b493c9a11b02b) Importer(815301076,1909f56bfc062723c751e8b465ee728b)
Start importing Assets/1632473279345.png using Guid(cab59a92766ad434392b493c9a11b02b) Importer(815301076,1909f56bfc062723c751e8b465ee728b)  -> (artifact id: 'cc2b756dc376d5a8b226b9dd98e4fb11') in 0.045860 seconds
  Import took 0.050558 seconds .

========================================================================
Received Import Request.
  Time since last request: 118.412885 seconds.
  path: Assets/1632473279345 (2).png
  artifactKey: Guid(f9b172ce600b76c498322ee6d7163613) Importer(815301076,1909f56bfc062723c751e8b465ee728b)
Start importing Assets/1632473279345 (2).png using Guid(f9b172ce600b76c498322ee6d7163613) Importer(815301076,1909f56bfc062723c751e8b465ee728b)  -> (artifact id: 'd174c0475b7987ba2f9056fe0a15ece0') in 0.028109 seconds
  Import took 0.032712 seconds .

========================================================================
Received Import Request.
  Time since last request: 0.005306 seconds.
  path: Assets/1632473279345 (2).png
  artifactKey: Guid(f9b172ce600b76c498322ee6d7163613) Importer(815301076,1909f56bfc062723c751e8b465ee728b)
Start importing Assets/1632473279345 (2).png using Guid(f9b172ce600b76c498322ee6d7163613) Importer(815301076,1909f56bfc062723c751e8b465ee728b)  -> (artifact id: 'd174c0475b7987ba2f9056fe0a15ece0') in 0.017760 seconds
  Import took 0.022819 seconds .

========================================================================
Received Prepare
Refreshing native plugins compatible for Editor in 2.74 ms, found 1 plugins.
Preloading 0 native plugins for Editor in 0.00 ms.
Unloading 10 Unused Serialized files (Serialized files now loaded: 0)
System memory in use before: 59.0 MB.
System memory in use after: 59.0 MB.

Unloading 10 unused Assets to reduce memory usage. Loaded Objects now: 2706.
Total: 15.210500 ms (FindLiveObjects: 0.345300 ms CreateObjectMapping: 0.148600 ms MarkObjects: 14.584200 ms  DeleteObjects: 0.130700 ms)

========================================================================
Received Import Request.
  Time since last request: 395.533491 seconds.
  path: Assets/Scenes/Level1.unity
  artifactKey: Guid(ae02da845cfbfc149a77e83f4fd0efee) Importer(815301076,1909f56bfc062723c751e8b465ee728b)
Start importing Assets/Scenes/Level1.unity using Guid(ae02da845cfbfc149a77e83f4fd0efee) Importer(815301076,1909f56bfc062723c751e8b465ee728b)  -> (artifact id: 'cd69bf197378aa1b77a02a55d2c8b482') in 0.012559 seconds
  Import took 0.017738 seconds .

========================================================================
Received Prepare
Registering precompiled user dll's ...
Registered in 0.001066 seconds.
Begin MonoManager ReloadAssembly
Native extension for WindowsStandalone target not found
Native extension for OSXStandalone target not found
Native extension for WebGL target not found
Refreshing native plugins compatible for Editor in 0.50 ms, found 1 plugins.
Preloading 0 native plugins for Editor in 0.00 ms.
Mono: successfully reloaded assembly
- Completed reload, in  0.901 seconds
Platform modules already initialized, skipping
Refreshing native plugins compatible for Editor in 0.46 ms, found 1 plugins.
Preloading 0 native plugins for Editor in 0.00 ms.
Unloading 2123 Unused Serialized files (Serialized files now loaded: 0)
System memory in use before: 100.5 MB.
System memory in use after: 100.5 MB.

Unloading 12 unused Assets to reduce memory usage. Loaded Objects now: 2710.
Total: 2.979500 ms (FindLiveObjects: 0.456200 ms CreateObjectMapping: 0.067700 ms MarkObjects: 2.330000 ms  DeleteObjects: 0.124000 ms)

========================================================================
Received Prepare
Refreshing native plugins compatible for Editor in 1.36 ms, found 1 plugins.
Preloading 0 native plugins for Editor in 0.00 ms.
Unloading 10 Unused Serialized files (Serialized files now loaded: 0)
System memory in use before: 58.8 MB.
System memory in use after: 58.8 MB.

Unloading 10 unused Assets to reduce memory usage. Loaded Objects now: 2710.
Total: 3.034300 ms (FindLiveObjects: 0.549400 ms CreateObjectMapping: 0.153700 ms MarkObjects: 2.205800 ms  DeleteObjects: 0.122300 ms)

========================================================================
Received Prepare
Registering precompiled user dll's ...
Registered in 0.001096 seconds.
Begin MonoManager ReloadAssembly
Native extension for WindowsStandalone target not found
Native extension for OSXStandalone target not found
Native extension for WebGL target not found
Refreshing native plugins compatible for Editor in 0.54 ms, found 1 plugins.
Preloading 0 native plugins for Editor in 0.00 ms.
Mono: successfully reloaded assembly
- Completed reload, in  0.804 seconds
Platform modules already initialized, skipping
Refreshing native plugins compatible for Editor in 1.19 ms, found 1 plugins.
Preloading 0 native plugins for Editor in 0.00 ms.
Unloading 2123 Unused Serialized files (Serialized files now loaded: 0)
System memory in use before: 100.6 MB.
System memory in use after: 100.5 MB.

Unloading 12 unused Assets to reduce memory usage. Loaded Objects now: 2714.
Total: 3.069900 ms (FindLiveObjects: 0.382700 ms CreateObjectMapping: 0.102100 ms MarkObjects: 2.447400 ms  DeleteObjects: 0.135600 ms)

========================================================================
Received Prepare
Refreshing native plugins compatible for Editor in 1.41 ms, found 1 plugins.
Preloading 0 native plugins for Editor in 0.00 ms.
Unloading 10 Unused Serialized files (Serialized files now loaded: 0)
System memory in use before: 58.8 MB.
System memory in use after: 58.8 MB.

Unloading 10 unused Assets to reduce memory usage. Loaded Objects now: 2714.
Total: 3.290500 ms (FindLiveObjects: 0.606800 ms CreateObjectMapping: 0.144300 ms MarkObjects: 2.332700 ms  DeleteObjects: 0.204300 ms)

========================================================================
Received Prepare
Refreshing native plugins compatible for Editor in 1.14 ms, found 1 plugins.
Preloading 0 native plugins for Editor in 0.00 ms.
Unloading 10 Unused Serialized files (Serialized files now loaded: 0)
System memory in use before: 58.8 MB.
System memory in use after: 58.8 MB.

Unloading 10 unused Assets to reduce memory usage. Loaded Objects now: 2714.
Total: 3.969500 ms (FindLiveObjects: 0.837800 ms CreateObjectMapping: 0.071700 ms MarkObjects: 2.925200 ms  DeleteObjects: 0.132400 ms)

========================================================================
Received Prepare
Registering precompiled user dll's ...
Registered in 0.000984 seconds.
Begin MonoManager ReloadAssembly
Native extension for WindowsStandalone target not found
Native extension for OSXStandalone target not found
Native extension for WebGL target not found
Refreshing native plugins compatible for Editor in 0.48 ms, found 1 plugins.
Preloading 0 native plugins for Editor in 0.00 ms.
Mono: successfully reloaded assembly
- Completed reload, in  0.860 seconds
Platform modules already initialized, skipping
Refreshing native plugins compatible for Editor in 0.58 ms, found 1 plugins.
Preloading 0 native plugins for Editor in 0.00 ms.
Unloading 2123 Unused Serialized files (Serialized files now loaded: 0)
System memory in use before: 100.7 MB.
System memory in use after: 100.6 MB.

Unloading 12 unused Assets to reduce memory usage. Loaded Objects now: 2718.
Total: 2.900800 ms (FindLiveObjects: 0.431800 ms CreateObjectMapping: 0.135400 ms MarkObjects: 2.182700 ms  DeleteObjects: 0.149400 ms)

========================================================================
Received Prepare
Refreshing native plugins compatible for Editor in 1.50 ms, found 1 plugins.
Preloading 0 native plugins for Editor in 0.00 ms.
Unloading 10 Unused Serialized files (Serialized files now loaded: 0)
System memory in use before: 58.9 MB.
System memory in use after: 58.9 MB.

Unloading 10 unused Assets to reduce memory usage. Loaded Objects now: 2718.
Total: 3.151300 ms (FindLiveObjects: 0.469800 ms CreateObjectMapping: 0.063000 ms MarkObjects: 2.495600 ms  DeleteObjects: 0.120800 ms)

========================================================================
Received Prepare
Refreshing native plugins compatible for Editor in 1.50 ms, found 1 plugins.
Preloading 0 native plugins for Editor in 0.00 ms.
Unloading 10 Unused Serialized files (Serialized files now loaded: 0)
System memory in use before: 58.9 MB.
System memory in use after: 58.9 MB.

Unloading 10 unused Assets to reduce memory usage. Loaded Objects now: 2718.
Total: 2.823400 ms (FindLiveObjects: 0.509800 ms CreateObjectMapping: 0.114700 ms MarkObjects: 2.078700 ms  DeleteObjects: 0.117500 ms)

========================================================================
Received Import Request.
  Time since last request: 432.658556 seconds.
  path: Assets/Scenes/InfiniteLevel.unity
  artifactKey: Guid(c996f915b8ba21d44994c1445890d1ce) Importer(815301076,1909f56bfc062723c751e8b465ee728b)
Start importing Assets/Scenes/InfiniteLevel.unity using Guid(c996f915b8ba21d44994c1445890d1ce) Importer(815301076,1909f56bfc062723c751e8b465ee728b)  -> (artifact id: '25f9c352857b0ead62fc8471356a1813') in 0.016966 seconds
  Import took 0.021525 seconds .

========================================================================
Received Prepare
Refreshing native plugins compatible for Editor in 1.21 ms, found 1 plugins.
Preloading 0 native plugins for Editor in 0.00 ms.
Unloading 10 Unused Serialized files (Serialized files now loaded: 0)
System memory in use before: 58.9 MB.
System memory in use after: 58.9 MB.

Unloading 10 unused Assets to reduce memory usage. Loaded Objects now: 2718.
Total: 3.567200 ms (FindLiveObjects: 0.354500 ms CreateObjectMapping: 0.055200 ms MarkObjects: 3.038400 ms  DeleteObjects: 0.117700 ms)

========================================================================
Received Prepare
Registering precompiled user dll's ...
Registered in 0.001737 seconds.
Begin MonoManager ReloadAssembly
Native extension for WindowsStandalone target not found
Native extension for OSXStandalone target not found
Native extension for WebGL target not found
Refreshing native plugins compatible for Editor in 0.52 ms, found 1 plugins.
Preloading 0 native plugins for Editor in 0.00 ms.
Mono: successfully reloaded assembly
- Completed reload, in  1.125 seconds
Platform modules already initialized, skipping
Refreshing native plugins compatible for Editor in 0.49 ms, found 1 plugins.
Preloading 0 native plugins for Editor in 0.00 ms.
Unloading 2123 Unused Serialized files (Serialized files now loaded: 0)
System memory in use before: 100.7 MB.
System memory in use after: 100.7 MB.

Unloading 12 unused Assets to reduce memory usage. Loaded Objects now: 2722.
Total: 2.804500 ms (FindLiveObjects: 0.374000 ms CreateObjectMapping: 0.055000 ms MarkObjects: 2.158600 ms  DeleteObjects: 0.215100 ms)

AssetImportWorkerClient::OnTransportError - code=2 error=End of file
